running yui-kr...
    Updating crates.io index
    Updating git repository `https://github.com/taketo1024/yui`
warning: unused variable: `q`
  --> src/lib/calc.rs:90:30
   |
90 |     fn compute_in(&mut self, q: isize, targets: &Vec<isize3>) -> Result<(), Box<dyn std::error::Error>> { 
   |                              ^ help: if this is intentional, prefix it with an underscore: `_q`
   |
   = note: `#[warn(unused_variables)]` on by default

warning: `yui-kr` (lib) generated 1 warning (run `cargo fix --lib -p yui-kr` to apply 1 suggestion)
    Finished release [optimized + debuginfo] target(s) in 1.76s
     Running `target/release/ykr 11a_200 -i bigint -s -p --debug`
09:26:25 [INFO] args: CliArgs { target: "11a_200", int_type: BigInt, mirror: false, format: PolyTable, force_compute: false, save_progress: true, save_result: true, check_result: false, debug: true }
09:26:25 [INFO] n-threads: 64
09:26:25 [INFO] braid: [1, 1, 1, 2, -1, 2, 2, 3, -2, -2, 4, -3, 2, 4, 4, 3]
09:26:25 [INFO] compute from mirror.
09:26:47 [INFO] save: /lustre1/home/taketo.sano/yui-kr/tmp/11a_200_result.json
09:26:47 [INFO] compute KRHomology.
09:26:47 [INFO] targets: 425
09:26:47 [INFO] - - - - - - - - - - - - - - - -
09:26:47 [INFO] (1/11) q: -32
09:26:47 [INFO] C (q: -32, range: (16..=16, 15..=16))..
09:26:47 [INFO] setup cube..
09:26:47 [INFO] setup summands..
09:26:47 [INFO] C (q: -32)
 v\h  16 
 16   Q 
 15   Q⁴ 

09:26:47 [INFO] reduce C_tot (q: -32)..
09:26:47 [INFO] d (16, 15) -> (16, 16)
09:26:47 [INFO]   size:    (1, 4)
09:26:47 [INFO]   reduced: (0, 3)
09:26:47 [INFO] d (16, 16) -> (16, 17)
09:26:47 [INFO]   size:    (0, 0)
09:26:47 [INFO]   reduced: (0, 0)
09:26:47 [INFO] reduced C (q: -32)
 v\h  16 
 16   . 
 15   Q³ 

09:26:47 [INFO] H (q: -32)..
09:26:47 [INFO] H (q: -32)
 v\h  16 
 16   . 
 15   . 

09:26:47 [INFO] save: /lustre1/home/taketo.sano/yui-kr/tmp/11a_200_result.json
09:26:47 [INFO] - - - - - - - - - - - - - - - -
09:26:47 [INFO] (2/11) q: -31
09:26:47 [INFO] C (q: -31, range: (15..=16, 13..=16))..
09:26:47 [INFO] setup cube..
09:26:47 [INFO] setup summands..
09:26:47 [INFO] C (q: -31)
 v\h  15  16 
 16   .   Q¹² 
 15   .   Q⁶⁴ 
 14   .   Q¹³² 
 13   .   Q¹³² 

09:26:47 [INFO] reduce C_tot (q: -31)..
09:26:47 [INFO] d (15, 13) -> (15, 14)
09:26:47 [INFO]   size:    (0, 0)
09:26:47 [INFO]   reduced: (0, 0)
09:26:47 [INFO] d (15, 14) -> (15, 15)
09:26:47 [INFO]   size:    (0, 0)
09:26:47 [INFO]   reduced: (0, 0)
09:26:47 [INFO] d (15, 15) -> (15, 16)
09:26:47 [INFO]   size:    (0, 0)
09:26:47 [INFO]   reduced: (0, 0)
09:26:47 [INFO] d (15, 16) -> (15, 17)
09:26:47 [INFO]   size:    (0, 0)
09:26:47 [INFO]   reduced: (0, 0)
09:26:47 [INFO] d (16, 13) -> (16, 14)
09:26:47 [INFO]   size:    (132, 132)
09:26:47 [INFO]   reduced: (52, 52)
09:26:47 [INFO] d (16, 14) -> (16, 15)
09:26:47 [INFO]   size:    (64, 52)
09:26:47 [INFO]   reduced: (12, 0)
09:26:47 [INFO] d (16, 15) -> (16, 16)
09:26:47 [INFO]   size:    (12, 12)
09:26:47 [INFO]   reduced: (0, 0)
09:26:47 [INFO] d (16, 16) -> (16, 17)
09:26:47 [INFO]   size:    (0, 0)
09:26:47 [INFO]   reduced: (0, 0)
09:26:47 [INFO] reduced C (q: -31)
 v\h  15  16 
 16   .   . 
 15   .   . 
 14   .   . 
 13   .   Q⁵² 

09:26:47 [INFO] H (q: -31)..
09:26:47 [INFO] H (q: -31)
 v\h  15  16 
 16   .   . 
 15   .   . 
 14   .   . 
 13   .   . 

09:26:47 [INFO] save: /lustre1/home/taketo.sano/yui-kr/tmp/11a_200_result.json
09:26:47 [INFO] - - - - - - - - - - - - - - - -
09:26:47 [INFO] (3/11) q: -30
09:26:47 [INFO] C (q: -30, range: (14..=16, 11..=16))..
09:26:47 [INFO] setup cube..
09:26:47 [INFO] setup summands..
09:26:47 [INFO] C (q: -30)
 v\h  14  15   16 
 16   .   Q³   Q⁶⁹ 
 15   .   Q¹⁰  Q⁴⁵⁴ 
 14   .   Q¹²  Q¹²⁰⁰ 
 13   .   Q⁶   Q¹⁶²⁶ 
 12   .   Q    Q¹¹⁸⁹ 
 11   .   .    Q⁴⁴⁴ 

09:26:47 [INFO] reduce C_tot (q: -30)..
09:26:47 [INFO] d (14, 11) -> (14, 12)
09:26:47 [INFO]   size:    (0, 0)
09:26:47 [INFO]   reduced: (0, 0)
09:26:47 [INFO] d (14, 12) -> (14, 13)
09:26:47 [INFO]   size:    (0, 0)
09:26:47 [INFO]   reduced: (0, 0)
09:26:47 [INFO] d (14, 13) -> (14, 14)
09:26:47 [INFO]   size:    (0, 0)
09:26:47 [INFO]   reduced: (0, 0)
09:26:47 [INFO] d (14, 14) -> (14, 15)
09:26:47 [INFO]   size:    (0, 0)
09:26:47 [INFO]   reduced: (0, 0)
09:26:47 [INFO] d (14, 15) -> (14, 16)
09:26:47 [INFO]   size:    (0, 0)
09:26:47 [INFO]   reduced: (0, 0)
09:26:47 [INFO] d (14, 16) -> (14, 17)
09:26:47 [INFO]   size:    (0, 0)
09:26:47 [INFO]   reduced: (0, 0)
09:26:47 [INFO] d (15, 11) -> (15, 12)
09:26:47 [INFO]   size:    (1, 0)
09:26:47 [INFO]   reduced: (1, 0)
09:26:47 [INFO] d (15, 12) -> (15, 13)
09:26:47 [INFO]   size:    (6, 1)
09:26:47 [INFO]   reduced: (5, 0)
09:26:47 [INFO] d (15, 13) -> (15, 14)
09:26:47 [INFO]   size:    (12, 5)
09:26:47 [INFO]   reduced: (7, 0)
09:26:47 [INFO] d (15, 14) -> (15, 15)
09:26:47 [INFO]   size:    (10, 7)
09:26:47 [INFO]   reduced: (3, 0)
09:26:47 [INFO] d (15, 15) -> (15, 16)
09:26:47 [INFO]   size:    (3, 3)
09:26:47 [INFO]   reduced: (0, 0)
09:26:47 [INFO] d (15, 16) -> (15, 17)
09:26:47 [INFO]   size:    (0, 0)
09:26:47 [INFO]   reduced: (0, 0)
09:26:47 [INFO] d (16, 11) -> (16, 12)
09:26:47 [INFO]   size:    (1189, 444)
09:26:47 [INFO]   reduced: (811, 66)
09:26:47 [INFO] d (16, 12) -> (16, 13)
09:26:47 [INFO]   size:    (1626, 811)
09:26:47 [INFO]   reduced: (815, 0)
09:26:47 [INFO] d (16, 13) -> (16, 14)
09:26:47 [INFO]   size:    (1200, 815)
09:26:47 [INFO]   reduced: (385, 0)
09:26:47 [INFO] d (16, 14) -> (16, 15)
09:26:47 [INFO]   size:    (454, 385)
09:26:47 [INFO]   reduced: (69, 0)
09:26:47 [INFO] d (16, 15) -> (16, 16)
09:26:47 [INFO]   size:    (69, 69)
09:26:47 [INFO]   reduced: (0, 0)
09:26:47 [INFO] d (16, 16) -> (16, 17)
09:26:47 [INFO]   size:    (0, 0)
09:26:47 [INFO]   reduced: (0, 0)
09:26:47 [INFO] reduced C (q: -30)
 v\h  14  15  16 
 16   .   .   . 
 15   .   .   . 
 14   .   .   . 
 13   .   .   . 
 12   .   .   . 
 11   .   .   Q⁶⁶ 

09:26:47 [INFO] H (q: -30)..
09:26:47 [INFO] H (q: -30)
 v\h  14  15  16 
 16   .   .   . 
 15   .   .   . 
 14   .   .   . 
 13   .   .   . 
 12   .   .   . 
 11   .   .   . 

09:26:47 [INFO] save: /lustre1/home/taketo.sano/yui-kr/tmp/11a_200_result.json
09:26:47 [INFO] - - - - - - - - - - - - - - - -
09:26:47 [INFO] (4/11) q: -29
09:26:47 [INFO] C (q: -29, range: (13..=16, 9..=16))..
09:26:47 [INFO] setup cube..
09:26:48 [INFO] setup summands..
09:26:48 [INFO] C (q: -29)
 v\h  13  14  15    16 
 16   .   .   Q³⁸   Q²⁵⁸ 
 15   .   .   Q¹⁸¹  Q¹⁹⁸⁵ 
 14   .   .   Q³²²  Q⁶³³⁴ 
 13   .   .   Q²⁶⁸  Q¹⁰⁸²⁸ 
 12   .   .   Q¹⁰⁴  Q¹⁰⁶⁶⁴ 
 11   .   .   Q¹⁵   Q⁶⁰²⁷ 
 10   .   .   .     Q¹⁸⁰⁴ 
 9    .   .   .     Q²²⁰ 

09:26:48 [INFO] reduce C_tot (q: -29)..
09:26:48 [INFO] d (13, 9) -> (13, 10)
09:26:48 [INFO]   size:    (0, 0)
09:26:48 [INFO]   reduced: (0, 0)
09:26:48 [INFO] d (13, 10) -> (13, 11)
09:26:48 [INFO]   size:    (0, 0)
09:26:48 [INFO]   reduced: (0, 0)
09:26:48 [INFO] d (13, 11) -> (13, 12)
09:26:48 [INFO]   size:    (0, 0)
09:26:48 [INFO]   reduced: (0, 0)
09:26:48 [INFO] d (13, 12) -> (13, 13)
09:26:48 [INFO]   size:    (0, 0)
09:26:48 [INFO]   reduced: (0, 0)
09:26:48 [INFO] d (13, 13) -> (13, 14)
09:26:48 [INFO]   size:    (0, 0)
09:26:48 [INFO]   reduced: (0, 0)
09:26:48 [INFO] d (13, 14) -> (13, 15)
09:26:48 [INFO]   size:    (0, 0)
09:26:48 [INFO]   reduced: (0, 0)
09:26:48 [INFO] d (13, 15) -> (13, 16)
09:26:48 [INFO]   size:    (0, 0)
09:26:48 [INFO]   reduced: (0, 0)
09:26:48 [INFO] d (13, 16) -> (13, 17)
09:26:48 [INFO]   size:    (0, 0)
09:26:48 [INFO]   reduced: (0, 0)
09:26:48 [INFO] d (14, 9) -> (14, 10)
09:26:48 [INFO]   size:    (0, 0)
09:26:48 [INFO]   reduced: (0, 0)
09:26:48 [INFO] d (14, 10) -> (14, 11)
09:26:48 [INFO]   size:    (0, 0)
09:26:48 [INFO]   reduced: (0, 0)
09:26:48 [INFO] d (14, 11) -> (14, 12)
09:26:48 [INFO]   size:    (0, 0)
09:26:48 [INFO]   reduced: (0, 0)
09:26:48 [INFO] d (14, 12) -> (14, 13)
09:26:48 [INFO]   size:    (0, 0)
09:26:48 [INFO]   reduced: (0, 0)
09:26:48 [INFO] d (14, 13) -> (14, 14)
09:26:48 [INFO]   size:    (0, 0)
09:26:48 [INFO]   reduced: (0, 0)
09:26:48 [INFO] d (14, 14) -> (14, 15)
09:26:48 [INFO]   size:    (0, 0)
09:26:48 [INFO]   reduced: (0, 0)
09:26:48 [INFO] d (14, 15) -> (14, 16)
09:26:48 [INFO]   size:    (0, 0)
09:26:48 [INFO]   reduced: (0, 0)
09:26:48 [INFO] d (14, 16) -> (14, 17)
09:26:48 [INFO]   size:    (0, 0)
09:26:48 [INFO]   reduced: (0, 0)
09:26:48 [INFO] d (15, 9) -> (15, 10)
09:26:48 [INFO]   size:    (0, 0)
09:26:48 [INFO]   reduced: (0, 0)
09:26:48 [INFO] d (15, 10) -> (15, 11)
09:26:48 [INFO]   size:    (15, 0)
09:26:48 [INFO]   reduced: (15, 0)
09:26:48 [INFO] d (15, 11) -> (15, 12)
09:26:48 [INFO]   size:    (104, 15)
09:26:48 [INFO]   reduced: (89, 0)
09:26:48 [INFO] d (15, 12) -> (15, 13)
09:26:48 [INFO]   size:    (268, 89)
09:26:48 [INFO]   reduced: (179, 0)
09:26:48 [INFO] d (15, 13) -> (15, 14)
09:26:48 [INFO]   size:    (322, 179)
09:26:48 [INFO]   reduced: (143, 0)
09:26:48 [INFO] d (15, 14) -> (15, 15)
09:26:48 [INFO]   size:    (181, 143)
09:26:48 [INFO]   reduced: (38, 0)
09:26:48 [INFO] d (15, 15) -> (15, 16)
09:26:48 [INFO]   size:    (38, 38)
09:26:48 [INFO]   reduced: (0, 0)
09:26:48 [INFO] d (15, 16) -> (15, 17)
09:26:48 [INFO]   size:    (0, 0)
09:26:48 [INFO]   reduced: (0, 0)
09:26:48 [INFO] d (16, 9) -> (16, 10)
09:26:48 [INFO]   size:    (1804, 220)
09:26:48 [INFO]   reduced: (1584, 0)
09:26:48 [INFO] d (16, 10) -> (16, 11)
09:26:48 [INFO]   size:    (6027, 1584)
09:26:48 [INFO]   reduced: (4443, 0)
09:26:48 [INFO] d (16, 11) -> (16, 12)
09:26:48 [INFO]   size:    (10664, 4443)
09:26:48 [INFO]   reduced: (6221, 0)
09:26:48 [INFO] d (16, 12) -> (16, 13)
09:26:48 [INFO]   size:    (10828, 6221)
09:26:48 [INFO]   reduced: (4607, 0)
09:26:48 [INFO] d (16, 13) -> (16, 14)
09:26:49 [INFO]   size:    (6334, 4607)
09:26:49 [INFO]   reduced: (1727, 0)
09:26:49 [INFO] d (16, 14) -> (16, 15)
09:26:49 [INFO]   size:    (1985, 1727)
09:26:49 [INFO]   reduced: (258, 0)
09:26:49 [INFO] d (16, 15) -> (16, 16)
09:26:49 [INFO]   size:    (258, 258)
09:26:49 [INFO]   reduced: (0, 0)
09:26:49 [INFO] d (16, 16) -> (16, 17)
09:26:49 [INFO]   size:    (0, 0)
09:26:49 [INFO]   reduced: (0, 0)
09:26:49 [INFO] reduced C (q: -29)
 v\h  13  14  15  16 
 16   .   .   .   . 
 15   .   .   .   . 
 14   .   .   .   . 
 13   .   .   .   . 
 12   .   .   .   . 
 11   .   .   .   . 
 10   .   .   .   . 
 9    .   .   .   . 

09:26:49 [INFO] H (q: -29)..
09:26:49 [INFO] H (q: -29)
 v\h  13  14  15  16 
 16   .   .   .   . 
 15   .   .   .   . 
 14   .   .   .   . 
 13   .   .   .   . 
 12   .   .   .   . 
 11   .   .   .   . 
 10   .   .   .   . 
 9    .   .   .   . 

09:26:49 [INFO] save: /lustre1/home/taketo.sano/yui-kr/tmp/11a_200_result.json
09:26:49 [INFO] - - - - - - - - - - - - - - - -
09:26:49 [INFO] (5/11) q: -28
09:26:49 [INFO] C (q: -28, range: (12..=16, 7..=16))..
09:26:49 [INFO] setup cube..
09:26:52 [INFO] setup summands..
09:26:54 [INFO] C (q: -28)
 v\h  12  13  14  15     16 
 16   .   .   Q³  Q²²⁸   Q⁷²⁰ 
 15   .   .   Q⁸  Q¹³⁹¹  Q⁶²²³ 
 14   .   .   Q⁷  Q³³³³  Q²²⁸⁶² 
 13   .   .   Q²  Q⁴⁰⁰³  Q⁴⁶⁵⁵³ 
 12   .   .   .   Q²⁵⁴⁵  Q⁵⁷²⁶⁸ 
 11   .   .   .   Q⁸¹⁸   Q⁴³³⁷⁰ 
 10   .   .   .   Q¹⁰⁷   Q¹⁹⁶⁴³ 
 9    .   .   .   Q      Q⁴⁸⁴¹ 
 8    .   .   .   .      Q⁴⁹⁵ 
 7    .   .   .   .      . 

09:26:54 [INFO] reduce C_tot (q: -28)..
09:26:54 [INFO] d (12, 7) -> (12, 8)
09:26:54 [INFO]   size:    (0, 0)
09:26:54 [INFO]   reduced: (0, 0)
09:26:54 [INFO] d (12, 8) -> (12, 9)
09:26:54 [INFO]   size:    (0, 0)
09:26:54 [INFO]   reduced: (0, 0)
09:26:54 [INFO] d (12, 9) -> (12, 10)
09:26:54 [INFO]   size:    (0, 0)
09:26:54 [INFO]   reduced: (0, 0)
09:26:54 [INFO] d (12, 10) -> (12, 11)
09:26:54 [INFO]   size:    (0, 0)
09:26:54 [INFO]   reduced: (0, 0)
09:26:54 [INFO] d (12, 11) -> (12, 12)
09:26:54 [INFO]   size:    (0, 0)
09:26:54 [INFO]   reduced: (0, 0)
09:26:54 [INFO] d (12, 12) -> (12, 13)
09:26:54 [INFO]   size:    (0, 0)
09:26:54 [INFO]   reduced: (0, 0)
09:26:54 [INFO] d (12, 13) -> (12, 14)
09:26:54 [INFO]   size:    (0, 0)
09:26:54 [INFO]   reduced: (0, 0)
09:26:54 [INFO] d (12, 14) -> (12, 15)
09:26:54 [INFO]   size:    (0, 0)
09:26:54 [INFO]   reduced: (0, 0)
09:26:54 [INFO] d (12, 15) -> (12, 16)
09:26:54 [INFO]   size:    (0, 0)
09:26:54 [INFO]   reduced: (0, 0)
09:26:54 [INFO] d (12, 16) -> (12, 17)
09:26:54 [INFO]   size:    (0, 0)
09:26:54 [INFO]   reduced: (0, 0)
09:26:54 [INFO] d (13, 7) -> (13, 8)
09:26:54 [INFO]   size:    (0, 0)
09:26:54 [INFO]   reduced: (0, 0)
09:26:54 [INFO] d (13, 8) -> (13, 9)
09:26:54 [INFO]   size:    (0, 0)
09:26:54 [INFO]   reduced: (0, 0)
09:26:54 [INFO] d (13, 9) -> (13, 10)
09:26:54 [INFO]   size:    (0, 0)
09:26:54 [INFO]   reduced: (0, 0)
09:26:54 [INFO] d (13, 10) -> (13, 11)
09:26:54 [INFO]   size:    (0, 0)
09:26:54 [INFO]   reduced: (0, 0)
09:26:54 [INFO] d (13, 11) -> (13, 12)
09:26:54 [INFO]   size:    (0, 0)
09:26:54 [INFO]   reduced: (0, 0)
09:26:54 [INFO] d (13, 12) -> (13, 13)
09:26:54 [INFO]   size:    (0, 0)
09:26:54 [INFO]   reduced: (0, 0)
09:26:54 [INFO] d (13, 13) -> (13, 14)
09:26:54 [INFO]   size:    (0, 0)
09:26:54 [INFO]   reduced: (0, 0)
09:26:54 [INFO] d (13, 14) -> (13, 15)
09:26:54 [INFO]   size:    (0, 0)
09:26:54 [INFO]   reduced: (0, 0)
09:26:54 [INFO] d (13, 15) -> (13, 16)
09:26:54 [INFO]   size:    (0, 0)
09:26:54 [INFO]   reduced: (0, 0)
09:26:54 [INFO] d (13, 16) -> (13, 17)
09:26:54 [INFO]   size:    (0, 0)
09:26:54 [INFO]   reduced: (0, 0)
09:26:54 [INFO] d (14, 7) -> (14, 8)
09:26:54 [INFO]   size:    (0, 0)
09:26:54 [INFO]   reduced: (0, 0)
09:26:54 [INFO] d (14, 8) -> (14, 9)
09:26:54 [INFO]   size:    (0, 0)
09:26:54 [INFO]   reduced: (0, 0)
09:26:54 [INFO] d (14, 9) -> (14, 10)
09:26:54 [INFO]   size:    (0, 0)
09:26:54 [INFO]   reduced: (0, 0)
09:26:54 [INFO] d (14, 10) -> (14, 11)
09:26:54 [INFO]   size:    (0, 0)
09:26:54 [INFO]   reduced: (0, 0)
09:26:54 [INFO] d (14, 11) -> (14, 12)
09:26:54 [INFO]   size:    (0, 0)
09:26:54 [INFO]   reduced: (0, 0)
09:26:54 [INFO] d (14, 12) -> (14, 13)
09:26:54 [INFO]   size:    (2, 0)
09:26:54 [INFO]   reduced: (2, 0)
09:26:54 [INFO] d (14, 13) -> (14, 14)
09:26:54 [INFO]   size:    (7, 2)
09:26:54 [INFO]   reduced: (5, 0)
09:26:54 [INFO] d (14, 14) -> (14, 15)
09:26:54 [INFO]   size:    (8, 5)
09:26:54 [INFO]   reduced: (3, 0)
09:26:54 [INFO] d (14, 15) -> (14, 16)
09:26:54 [INFO]   size:    (3, 3)
09:26:54 [INFO]   reduced: (0, 0)
09:26:54 [INFO] d (14, 16) -> (14, 17)
09:26:54 [INFO]   size:    (0, 0)
09:26:54 [INFO]   reduced: (0, 0)
09:26:54 [INFO] d (15, 7) -> (15, 8)
09:26:54 [INFO]   size:    (0, 0)
09:26:54 [INFO]   reduced: (0, 0)
09:26:54 [INFO] d (15, 8) -> (15, 9)
09:26:54 [INFO]   size:    (1, 0)
09:26:54 [INFO]   reduced: (1, 0)
09:26:54 [INFO] d (15, 9) -> (15, 10)
09:26:54 [INFO]   size:    (107, 1)
09:26:54 [INFO]   reduced: (106, 0)
09:26:54 [INFO] d (15, 10) -> (15, 11)
09:26:54 [INFO]   size:    (818, 106)
09:26:54 [INFO]   reduced: (712, 0)
09:26:54 [INFO] d (15, 11) -> (15, 12)
09:26:54 [INFO]   size:    (2545, 712)
09:26:54 [INFO]   reduced: (1833, 0)
09:26:54 [INFO] d (15, 12) -> (15, 13)
09:26:54 [INFO]   size:    (4003, 1833)
09:26:54 [INFO]   reduced: (2170, 0)
09:26:54 [INFO] d (15, 13) -> (15, 14)
09:26:54 [INFO]   size:    (3333, 2170)
09:26:54 [INFO]   reduced: (1163, 0)
09:26:54 [INFO] d (15, 14) -> (15, 15)
09:26:54 [INFO]   size:    (1391, 1163)
09:26:54 [INFO]   reduced: (228, 0)
09:26:54 [INFO] d (15, 15) -> (15, 16)
09:26:54 [INFO]   size:    (228, 228)
09:26:54 [INFO]   reduced: (0, 0)
09:26:54 [INFO] d (15, 16) -> (15, 17)
09:26:54 [INFO]   size:    (0, 0)
09:26:54 [INFO]   reduced: (0, 0)
09:26:54 [INFO] d (16, 7) -> (16, 8)
09:26:54 [INFO]   size:    (495, 0)
09:26:54 [INFO]   reduced: (495, 0)
09:26:54 [INFO] d (16, 8) -> (16, 9)
09:26:54 [INFO]   size:    (4841, 495)
09:26:54 [INFO]   reduced: (4346, 0)
09:26:54 [INFO] d (16, 9) -> (16, 10)
09:26:55 [INFO]   size:    (19643, 4346)
09:26:55 [INFO]   reduced: (15297, 0)
09:26:55 [INFO] d (16, 10) -> (16, 11)
09:26:57 [INFO]   size:    (43370, 15297)
09:26:57 [INFO]   reduced: (28073, 0)
09:26:57 [INFO] d (16, 11) -> (16, 12)
09:27:02 [INFO]   size:    (57268, 28073)
09:27:03 [INFO]   reduced: (29195, 0)
09:27:03 [INFO] d (16, 12) -> (16, 13)
09:27:07 [INFO]   size:    (46553, 29195)
09:27:08 [INFO]   reduced: (17359, 1)
09:27:08 [INFO] d (16, 13) -> (16, 14)
09:27:09 [INFO]   size:    (22862, 17359)
09:27:09 [INFO]   reduced: (5503, 0)
09:27:09 [INFO] d (16, 14) -> (16, 15)
09:27:09 [INFO]   size:    (6223, 5503)
09:27:09 [INFO]   reduced: (720, 0)
09:27:09 [INFO] d (16, 15) -> (16, 16)
09:27:09 [INFO]   size:    (720, 720)
09:27:09 [INFO]   reduced: (0, 0)
09:27:09 [INFO] d (16, 16) -> (16, 17)
09:27:09 [INFO]   size:    (0, 0)
09:27:09 [INFO]   reduced: (0, 0)
09:27:09 [INFO] reduced C (q: -28)
 v\h  12  13  14  15  16 
 16   .   .   .   .   . 
 15   .   .   .   .   . 
 14   .   .   .   .   . 
 13   .   .   .   .   . 
 12   .   .   .   .   Q 
 11   .   .   .   .   . 
 10   .   .   .   .   . 
 9    .   .   .   .   . 
 8    .   .   .   .   . 
 7    .   .   .   .   . 

09:27:10 [INFO] H (q: -28)..
09:27:10 [INFO] H (q: -28)
 v\h  12  13  14  15  16 
 16   .   .   .   .   . 
 15   .   .   .   .   . 
 14   .   .   .   .   . 
 13   .   .   .   .   . 
 12   .   .   .   .   Q 
 11   .   .   .   .   . 
 10   .   .   .   .   . 
 9    .   .   .   .   . 
 8    .   .   .   .   . 
 7    .   .   .   .   . 

09:27:10 [INFO] save: /lustre1/home/taketo.sano/yui-kr/tmp/11a_200_result.json
09:27:10 [INFO] - - - - - - - - - - - - - - - -
09:27:10 [INFO] (6/11) q: -27
09:27:10 [INFO] C (q: -27, range: (12..=16, 5..=16))..
09:27:10 [INFO] setup cube..
09:27:22 [INFO] setup summands..
09:27:26 [INFO] C (q: -27)
 v\h  12  13  14    15      16 
 16   .   .   Q⁴²   Q⁸⁸²    Q¹⁶³² 
 15   .   .   Q¹⁷⁷  Q⁶⁴³⁷   Q¹⁵³⁶⁸ 
 14   .   .   Q²⁶³  Q¹⁹²⁰²  Q⁶²⁶³¹ 
 13   .   .   Q¹⁷²  Q³⁰²⁹¹  Q¹⁴⁵⁰⁹¹ 
 12   .   .   Q⁴⁸   Q²⁷²⁴⁹  Q²¹⁰²⁹⁷ 
 11   .   .   Q⁴    Q¹⁴⁰²⁰  Q¹⁹⁷¹¹² 
 10   .   .   .     Q³⁸⁷⁵   Q¹¹⁸⁸⁴⁷ 
 9    .   .   .     Q⁴⁷¹    Q⁴⁴¹⁶³ 
 8    .   .   .     Q⁹      Q⁹¹¹⁷ 
 7    .   .   .     .       Q⁷⁹² 
 6    .   .   .     .       . 
 5    .   .   .     .       . 

09:27:26 [INFO] reduce C_tot (q: -27)..
09:27:26 [INFO] d (12, 5) -> (12, 6)
09:27:26 [INFO]   size:    (0, 0)
09:27:26 [INFO]   reduced: (0, 0)
09:27:26 [INFO] d (12, 6) -> (12, 7)
09:27:26 [INFO]   size:    (0, 0)
09:27:26 [INFO]   reduced: (0, 0)
09:27:26 [INFO] d (12, 7) -> (12, 8)
09:27:26 [INFO]   size:    (0, 0)
09:27:26 [INFO]   reduced: (0, 0)
09:27:26 [INFO] d (12, 8) -> (12, 9)
09:27:26 [INFO]   size:    (0, 0)
09:27:26 [INFO]   reduced: (0, 0)
09:27:26 [INFO] d (12, 9) -> (12, 10)
09:27:26 [INFO]   size:    (0, 0)
09:27:26 [INFO]   reduced: (0, 0)
09:27:26 [INFO] d (12, 10) -> (12, 11)
09:27:26 [INFO]   size:    (0, 0)
09:27:26 [INFO]   reduced: (0, 0)
09:27:26 [INFO] d (12, 11) -> (12, 12)
09:27:26 [INFO]   size:    (0, 0)
09:27:26 [INFO]   reduced: (0, 0)
09:27:26 [INFO] d (12, 12) -> (12, 13)
09:27:26 [INFO]   size:    (0, 0)
09:27:26 [INFO]   reduced: (0, 0)
09:27:26 [INFO] d (12, 13) -> (12, 14)
09:27:26 [INFO]   size:    (0, 0)
09:27:26 [INFO]   reduced: (0, 0)
09:27:26 [INFO] d (12, 14) -> (12, 15)
09:27:26 [INFO]   size:    (0, 0)
09:27:26 [INFO]   reduced: (0, 0)
09:27:26 [INFO] d (12, 15) -> (12, 16)
09:27:26 [INFO]   size:    (0, 0)
09:27:26 [INFO]   reduced: (0, 0)
09:27:26 [INFO] d (12, 16) -> (12, 17)
09:27:26 [INFO]   size:    (0, 0)
09:27:26 [INFO]   reduced: (0, 0)
09:27:26 [INFO] d (13, 5) -> (13, 6)
09:27:26 [INFO]   size:    (0, 0)
09:27:26 [INFO]   reduced: (0, 0)
09:27:26 [INFO] d (13, 6) -> (13, 7)
09:27:26 [INFO]   size:    (0, 0)
09:27:26 [INFO]   reduced: (0, 0)
09:27:26 [INFO] d (13, 7) -> (13, 8)
09:27:26 [INFO]   size:    (0, 0)
09:27:26 [INFO]   reduced: (0, 0)
09:27:26 [INFO] d (13, 8) -> (13, 9)
09:27:26 [INFO]   size:    (0, 0)
09:27:26 [INFO]   reduced: (0, 0)
09:27:26 [INFO] d (13, 9) -> (13, 10)
09:27:26 [INFO]   size:    (0, 0)
09:27:26 [INFO]   reduced: (0, 0)
09:27:26 [INFO] d (13, 10) -> (13, 11)
09:27:26 [INFO]   size:    (0, 0)
09:27:26 [INFO]   reduced: (0, 0)
09:27:26 [INFO] d (13, 11) -> (13, 12)
09:27:26 [INFO]   size:    (0, 0)
09:27:26 [INFO]   reduced: (0, 0)
09:27:26 [INFO] d (13, 12) -> (13, 13)
09:27:26 [INFO]   size:    (0, 0)
09:27:26 [INFO]   reduced: (0, 0)
09:27:26 [INFO] d (13, 13) -> (13, 14)
09:27:26 [INFO]   size:    (0, 0)
09:27:26 [INFO]   reduced: (0, 0)
09:27:26 [INFO] d (13, 14) -> (13, 15)
09:27:26 [INFO]   size:    (0, 0)
09:27:26 [INFO]   reduced: (0, 0)
09:27:26 [INFO] d (13, 15) -> (13, 16)
09:27:26 [INFO]   size:    (0, 0)
09:27:26 [INFO]   reduced: (0, 0)
09:27:26 [INFO] d (13, 16) -> (13, 17)
09:27:26 [INFO]   size:    (0, 0)
09:27:26 [INFO]   reduced: (0, 0)
09:27:26 [INFO] d (14, 5) -> (14, 6)
09:27:26 [INFO]   size:    (0, 0)
09:27:26 [INFO]   reduced: (0, 0)
09:27:26 [INFO] d (14, 6) -> (14, 7)
09:27:26 [INFO]   size:    (0, 0)
09:27:26 [INFO]   reduced: (0, 0)
09:27:26 [INFO] d (14, 7) -> (14, 8)
09:27:26 [INFO]   size:    (0, 0)
09:27:26 [INFO]   reduced: (0, 0)
09:27:26 [INFO] d (14, 8) -> (14, 9)
09:27:26 [INFO]   size:    (0, 0)
09:27:26 [INFO]   reduced: (0, 0)
09:27:26 [INFO] d (14, 9) -> (14, 10)
09:27:26 [INFO]   size:    (0, 0)
09:27:26 [INFO]   reduced: (0, 0)
09:27:26 [INFO] d (14, 10) -> (14, 11)
09:27:26 [INFO]   size:    (4, 0)
09:27:26 [INFO]   reduced: (4, 0)
09:27:26 [INFO] d (14, 11) -> (14, 12)
09:27:26 [INFO]   size:    (48, 4)
09:27:26 [INFO]   reduced: (44, 0)
09:27:26 [INFO] d (14, 12) -> (14, 13)
09:27:26 [INFO]   size:    (172, 44)
09:27:26 [INFO]   reduced: (128, 0)
09:27:26 [INFO] d (14, 13) -> (14, 14)
09:27:26 [INFO]   size:    (263, 128)
09:27:26 [INFO]   reduced: (135, 0)
09:27:26 [INFO] d (14, 14) -> (14, 15)
09:27:26 [INFO]   size:    (177, 135)
09:27:26 [INFO]   reduced: (42, 0)
09:27:26 [INFO] d (14, 15) -> (14, 16)
09:27:26 [INFO]   size:    (42, 42)
09:27:26 [INFO]   reduced: (0, 0)
09:27:26 [INFO] d (14, 16) -> (14, 17)
09:27:26 [INFO]   size:    (0, 0)
09:27:26 [INFO]   reduced: (0, 0)
09:27:26 [INFO] d (15, 5) -> (15, 6)
09:27:26 [INFO]   size:    (0, 0)
09:27:26 [INFO]   reduced: (0, 0)
09:27:26 [INFO] d (15, 6) -> (15, 7)
09:27:26 [INFO]   size:    (0, 0)
09:27:26 [INFO]   reduced: (0, 0)
09:27:26 [INFO] d (15, 7) -> (15, 8)
09:27:26 [INFO]   size:    (9, 0)
09:27:26 [INFO]   reduced: (9, 0)
09:27:26 [INFO] d (15, 8) -> (15, 9)
09:27:26 [INFO]   size:    (471, 9)
09:27:26 [INFO]   reduced: (462, 0)
09:27:26 [INFO] d (15, 9) -> (15, 10)
09:27:26 [INFO]   size:    (3875, 462)
09:27:26 [INFO]   reduced: (3413, 0)
09:27:26 [INFO] d (15, 10) -> (15, 11)
09:27:27 [INFO]   size:    (14020, 3413)
09:27:27 [INFO]   reduced: (10607, 0)
09:27:27 [INFO] d (15, 11) -> (15, 12)
09:27:28 [INFO]   size:    (27249, 10607)
09:27:29 [INFO]   reduced: (16642, 0)
09:27:29 [INFO] d (15, 12) -> (15, 13)
09:27:32 [INFO]   size:    (30291, 16642)
09:27:33 [INFO]   reduced: (13649, 0)
09:27:33 [INFO] d (15, 13) -> (15, 14)
09:27:35 [INFO]   size:    (19202, 13649)
09:27:35 [INFO]   reduced: (5555, 2)
09:27:35 [INFO] d (15, 14) -> (15, 15)
09:27:36 [INFO]   size:    (6437, 5555)
09:27:36 [INFO]   reduced: (882, 0)
09:27:36 [INFO] d (15, 15) -> (15, 16)
09:27:36 [INFO]   size:    (882, 882)
09:27:36 [INFO]   reduced: (0, 0)
09:27:36 [INFO] d (15, 16) -> (15, 17)
09:27:36 [INFO]   size:    (0, 0)
09:27:36 [INFO]   reduced: (0, 0)
09:27:36 [INFO] d (16, 5) -> (16, 6)
09:27:36 [INFO]   size:    (0, 0)
09:27:36 [INFO]   reduced: (0, 0)
09:27:36 [INFO] d (16, 6) -> (16, 7)
09:27:36 [INFO]   size:    (792, 0)
09:27:36 [INFO]   reduced: (792, 0)
09:27:36 [INFO] d (16, 7) -> (16, 8)
09:27:36 [INFO]   size:    (9117, 792)
09:27:36 [INFO]   reduced: (8325, 0)
09:27:36 [INFO] d (16, 8) -> (16, 9)
09:27:38 [INFO]   size:    (44163, 8325)
09:27:38 [INFO]   reduced: (35838, 0)
09:27:38 [INFO] d (16, 9) -> (16, 10)
09:27:51 [INFO]   size:    (118847, 35838)
09:27:53 [INFO]   reduced: (83009, 0)
09:27:53 [INFO] d (16, 10) -> (16, 11)
09:28:44 [INFO]   size:    (197112, 83009)
09:28:47 [INFO]   reduced: (114103, 0)
09:28:47 [INFO] d (16, 11) -> (16, 12)
09:30:12 [INFO]   size:    (210297, 114103)
09:30:17 [INFO]   reduced: (96196, 2)
09:30:17 [INFO] d (16, 12) -> (16, 13)
09:31:10 [INFO]   size:    (145091, 96196)
09:31:13 [INFO]   reduced: (48895, 0)
09:31:13 [INFO] d (16, 13) -> (16, 14)
09:31:26 [INFO]   size:    (62631, 48895)
09:31:27 [INFO]   reduced: (13736, 0)
09:31:27 [INFO] d (16, 14) -> (16, 15)
09:31:28 [INFO]   size:    (15368, 13736)
09:31:28 [INFO]   reduced: (1632, 0)
09:31:28 [INFO] d (16, 15) -> (16, 16)
09:31:28 [INFO]   size:    (1632, 1632)
09:31:28 [INFO]   reduced: (0, 0)
09:31:28 [INFO] d (16, 16) -> (16, 17)
09:31:28 [INFO]   size:    (0, 0)
09:31:28 [INFO]   reduced: (0, 0)
09:31:28 [INFO] reduced C (q: -27)
 v\h  12  13  14  15  16 
 16   .   .   .   .   . 
 15   .   .   .   .   . 
 14   .   .   .   .   . 
 13   .   .   .   Q²  . 
 12   .   .   .   .   . 
 11   .   .   .   .   Q² 
 10   .   .   .   .   . 
 9    .   .   .   .   . 
 8    .   .   .   .   . 
 7    .   .   .   .   . 
 6    .   .   .   .   . 
 5    .   .   .   .   . 

09:31:33 [INFO] H (q: -27)..
09:31:33 [INFO] H (q: -27)
 v\h  12  13  14  15  16 
 16   .   .   .   .   . 
 15   .   .   .   .   . 
 14   .   .   .   .   . 
 13   .   .   .   Q²  . 
 12   .   .   .   .   . 
 11   .   .   .   .   Q² 
 10   .   .   .   .   . 
 9    .   .   .   .   . 
 8    .   .   .   .   . 
 7    .   .   .   .   . 
 6    .   .   .   .   . 
 5    .   .   .   .   . 

09:31:33 [INFO] save: /lustre1/home/taketo.sano/yui-kr/tmp/11a_200_result.json
09:31:33 [INFO] - - - - - - - - - - - - - - - -
09:31:33 [INFO] (7/11) q: -26
09:31:33 [INFO] C (q: -26, range: (12..=16, 3..=16))..
09:31:33 [INFO] setup cube..
09:32:45 [INFO] setup summands..
09:33:28 [INFO] C (q: -26)
 v\h  12  13  14     15       16 
 16   .   Q   Q²⁷⁰   Q²⁵²⁹    Q³¹⁸⁴ 
 15   .   Q²  Q¹⁵²⁵  Q²¹⁰⁴³   Q³¹⁹²⁸ 
 14   .   Q   Q³²⁷⁷  Q⁷³⁷¹⁰   Q¹⁴⁰³²⁸ 
 13   .   .   Q³⁴²⁵  Q¹⁴²⁰⁷⁹  Q³⁵⁶⁹³⁸ 
 12   .   .   Q¹⁸⁴⁹  Q¹⁶⁴⁷¹²  Q⁵⁸²⁴⁴⁷ 
 11   .   .   Q⁴⁹⁷   Q¹¹⁷⁵⁵⁶  Q⁶³⁶⁴⁷⁹ 
 10   .   .   Q⁵⁵    Q⁵⁰⁶⁶²   Q⁴⁷⁰¹⁹¹ 
 9    .   .   Q      Q¹²²⁸⁷   Q²³⁰⁵⁷⁰ 
 8    .   .   .      Q¹³⁹⁴    Q⁷¹²⁸⁸ 
 7    .   .   .      Q³⁶      Q¹²⁴⁴⁴ 
 6    .   .   .      .        Q⁹²⁴ 
 5    .   .   .      .        . 
 4    .   .   .      .        . 
 3    .   .   .      .        . 

09:33:28 [INFO] reduce C_tot (q: -26)..
09:33:28 [INFO] d (12, 3) -> (12, 4)
09:33:28 [INFO]   size:    (0, 0)
09:33:28 [INFO]   reduced: (0, 0)
09:33:28 [INFO] d (12, 4) -> (12, 5)
09:33:28 [INFO]   size:    (0, 0)
09:33:28 [INFO]   reduced: (0, 0)
09:33:28 [INFO] d (12, 5) -> (12, 6)
09:33:28 [INFO]   size:    (0, 0)
09:33:28 [INFO]   reduced: (0, 0)
09:33:28 [INFO] d (12, 6) -> (12, 7)
09:33:28 [INFO]   size:    (0, 0)
09:33:28 [INFO]   reduced: (0, 0)
09:33:28 [INFO] d (12, 7) -> (12, 8)
09:33:28 [INFO]   size:    (0, 0)
09:33:28 [INFO]   reduced: (0, 0)
09:33:28 [INFO] d (12, 8) -> (12, 9)
09:33:28 [INFO]   size:    (0, 0)
09:33:28 [INFO]   reduced: (0, 0)
09:33:28 [INFO] d (12, 9) -> (12, 10)
09:33:28 [INFO]   size:    (0, 0)
09:33:28 [INFO]   reduced: (0, 0)
09:33:28 [INFO] d (12, 10) -> (12, 11)
09:33:28 [INFO]   size:    (0, 0)
09:33:28 [INFO]   reduced: (0, 0)
09:33:28 [INFO] d (12, 11) -> (12, 12)
09:33:28 [INFO]   size:    (0, 0)
09:33:28 [INFO]   reduced: (0, 0)
09:33:28 [INFO] d (12, 12) -> (12, 13)
09:33:28 [INFO]   size:    (0, 0)
09:33:28 [INFO]   reduced: (0, 0)
09:33:28 [INFO] d (12, 13) -> (12, 14)
09:33:28 [INFO]   size:    (0, 0)
09:33:28 [INFO]   reduced: (0, 0)
09:33:28 [INFO] d (12, 14) -> (12, 15)
09:33:28 [INFO]   size:    (0, 0)
09:33:28 [INFO]   reduced: (0, 0)
09:33:28 [INFO] d (12, 15) -> (12, 16)
09:33:28 [INFO]   size:    (0, 0)
09:33:28 [INFO]   reduced: (0, 0)
09:33:28 [INFO] d (12, 16) -> (12, 17)
09:33:28 [INFO]   size:    (0, 0)
09:33:28 [INFO]   reduced: (0, 0)
09:33:28 [INFO] d (13, 3) -> (13, 4)
09:33:28 [INFO]   size:    (0, 0)
09:33:28 [INFO]   reduced: (0, 0)
09:33:28 [INFO] d (13, 4) -> (13, 5)
09:33:28 [INFO]   size:    (0, 0)
09:33:28 [INFO]   reduced: (0, 0)
09:33:28 [INFO] d (13, 5) -> (13, 6)
09:33:28 [INFO]   size:    (0, 0)
09:33:28 [INFO]   reduced: (0, 0)
09:33:28 [INFO] d (13, 6) -> (13, 7)
09:33:28 [INFO]   size:    (0, 0)
09:33:28 [INFO]   reduced: (0, 0)
09:33:28 [INFO] d (13, 7) -> (13, 8)
09:33:28 [INFO]   size:    (0, 0)
09:33:28 [INFO]   reduced: (0, 0)
09:33:28 [INFO] d (13, 8) -> (13, 9)
09:33:28 [INFO]   size:    (0, 0)
09:33:28 [INFO]   reduced: (0, 0)
09:33:28 [INFO] d (13, 9) -> (13, 10)
09:33:28 [INFO]   size:    (0, 0)
09:33:28 [INFO]   reduced: (0, 0)
09:33:28 [INFO] d (13, 10) -> (13, 11)
09:33:28 [INFO]   size:    (0, 0)
09:33:28 [INFO]   reduced: (0, 0)
09:33:28 [INFO] d (13, 11) -> (13, 12)
09:33:28 [INFO]   size:    (0, 0)
09:33:28 [INFO]   reduced: (0, 0)
09:33:28 [INFO] d (13, 12) -> (13, 13)
09:33:28 [INFO]   size:    (0, 0)
09:33:28 [INFO]   reduced: (0, 0)
09:33:28 [INFO] d (13, 13) -> (13, 14)
09:33:28 [INFO]   size:    (1, 0)
09:33:28 [INFO]   reduced: (1, 0)
09:33:28 [INFO] d (13, 14) -> (13, 15)
09:33:28 [INFO]   size:    (2, 1)
09:33:28 [INFO]   reduced: (1, 0)
09:33:28 [INFO] d (13, 15) -> (13, 16)
09:33:28 [INFO]   size:    (1, 1)
09:33:28 [INFO]   reduced: (0, 0)
09:33:28 [INFO] d (13, 16) -> (13, 17)
09:33:28 [INFO]   size:    (0, 0)
09:33:28 [INFO]   reduced: (0, 0)
09:33:28 [INFO] d (14, 3) -> (14, 4)
09:33:28 [INFO]   size:    (0, 0)
09:33:28 [INFO]   reduced: (0, 0)
09:33:28 [INFO] d (14, 4) -> (14, 5)
09:33:28 [INFO]   size:    (0, 0)
09:33:28 [INFO]   reduced: (0, 0)
09:33:28 [INFO] d (14, 5) -> (14, 6)
09:33:28 [INFO]   size:    (0, 0)
09:33:28 [INFO]   reduced: (0, 0)
09:33:28 [INFO] d (14, 6) -> (14, 7)
09:33:28 [INFO]   size:    (0, 0)
09:33:28 [INFO]   reduced: (0, 0)
09:33:28 [INFO] d (14, 7) -> (14, 8)
09:33:28 [INFO]   size:    (0, 0)
09:33:28 [INFO]   reduced: (0, 0)
09:33:28 [INFO] d (14, 8) -> (14, 9)
09:33:28 [INFO]   size:    (1, 0)
09:33:28 [INFO]   reduced: (1, 0)
09:33:28 [INFO] d (14, 9) -> (14, 10)
09:33:28 [INFO]   size:    (55, 1)
09:33:28 [INFO]   reduced: (54, 0)
09:33:28 [INFO] d (14, 10) -> (14, 11)
09:33:28 [INFO]   size:    (497, 54)
09:33:28 [INFO]   reduced: (443, 0)
09:33:28 [INFO] d (14, 11) -> (14, 12)
09:33:29 [INFO]   size:    (1849, 443)
09:33:29 [INFO]   reduced: (1406, 0)
09:33:29 [INFO] d (14, 12) -> (14, 13)
09:33:29 [INFO]   size:    (3425, 1406)
09:33:29 [INFO]   reduced: (2019, 0)
09:33:29 [INFO] d (14, 13) -> (14, 14)
09:33:29 [INFO]   size:    (3277, 2019)
09:33:29 [INFO]   reduced: (1258, 0)
09:33:29 [INFO] d (14, 14) -> (14, 15)
09:33:30 [INFO]   size:    (1525, 1258)
09:33:30 [INFO]   reduced: (270, 3)
09:33:30 [INFO] d (14, 15) -> (14, 16)
09:33:30 [INFO]   size:    (270, 270)
09:33:30 [INFO]   reduced: (0, 0)
09:33:30 [INFO] d (14, 16) -> (14, 17)
09:33:30 [INFO]   size:    (0, 0)
09:33:30 [INFO]   reduced: (0, 0)
09:33:30 [INFO] d (15, 3) -> (15, 4)
09:33:30 [INFO]   size:    (0, 0)
09:33:30 [INFO]   reduced: (0, 0)
09:33:30 [INFO] d (15, 4) -> (15, 5)
09:33:30 [INFO]   size:    (0, 0)
09:33:30 [INFO]   reduced: (0, 0)
09:33:30 [INFO] d (15, 5) -> (15, 6)
09:33:30 [INFO]   size:    (0, 0)
09:33:30 [INFO]   reduced: (0, 0)
09:33:30 [INFO] d (15, 6) -> (15, 7)
09:33:30 [INFO]   size:    (36, 0)
09:33:30 [INFO]   reduced: (36, 0)
09:33:30 [INFO] d (15, 7) -> (15, 8)
09:33:30 [INFO]   size:    (1394, 36)
09:33:30 [INFO]   reduced: (1358, 0)
09:33:30 [INFO] d (15, 8) -> (15, 9)
09:33:30 [INFO]   size:    (12287, 1358)
09:33:30 [INFO]   reduced: (10929, 0)
09:33:30 [INFO] d (15, 9) -> (15, 10)
09:33:34 [INFO]   size:    (50662, 10929)
09:33:35 [INFO]   reduced: (39733, 0)
09:33:35 [INFO] d (15, 10) -> (15, 11)
09:34:06 [INFO]   size:    (117556, 39733)
09:34:09 [INFO]   reduced: (77823, 0)
09:34:09 [INFO] d (15, 11) -> (15, 12)
09:35:49 [INFO]   size:    (164712, 77823)
09:36:06 [INFO]   reduced: (86889, 0)
09:36:06 [INFO] d (15, 12) -> (15, 13)
09:38:01 [INFO]   size:    (142079, 86889)
09:38:44 [INFO]   reduced: (55196, 6)
09:38:44 [INFO] d (15, 13) -> (15, 14)
09:39:34 [INFO]   size:    (73710, 55196)
09:39:43 [INFO]   reduced: (18514, 0)
09:39:43 [INFO] d (15, 14) -> (15, 15)
09:39:49 [INFO]   size:    (21043, 18514)
09:39:50 [INFO]   reduced: (2529, 0)
09:39:50 [INFO] d (15, 15) -> (15, 16)
09:39:50 [INFO]   size:    (2529, 2529)
09:39:50 [INFO]   reduced: (0, 0)
09:39:50 [INFO] d (15, 16) -> (15, 17)
09:39:50 [INFO]   size:    (0, 0)
09:39:50 [INFO]   reduced: (0, 0)
09:39:50 [INFO] d (16, 3) -> (16, 4)
09:39:50 [INFO]   size:    (0, 0)
09:39:50 [INFO]   reduced: (0, 0)
09:39:50 [INFO] d (16, 4) -> (16, 5)
09:39:50 [INFO]   size:    (0, 0)
09:39:50 [INFO]   reduced: (0, 0)
09:39:50 [INFO] d (16, 5) -> (16, 6)
09:39:50 [INFO]   size:    (924, 0)
09:39:50 [INFO]   reduced: (924, 0)
09:39:50 [INFO] d (16, 6) -> (16, 7)
09:39:50 [INFO]   size:    (12444, 924)
09:39:50 [INFO]   reduced: (11520, 0)
09:39:50 [INFO] d (16, 7) -> (16, 8)
09:39:54 [INFO]   size:    (71288, 11520)
09:39:55 [INFO]   reduced: (59768, 0)
09:39:55 [INFO] d (16, 8) -> (16, 9)
09:40:42 [INFO]   size:    (230570, 59768)
09:40:45 [INFO]   reduced: (170802, 0)
09:40:45 [INFO] d (16, 9) -> (16, 10)
09:45:20 [INFO]   size:    (470191, 170802)
09:45:31 [INFO]   reduced: (299389, 0)
09:45:31 [INFO] d (16, 10) -> (16, 11)
09:57:44 [INFO]   size:    (636479, 299389)
09:58:02 [INFO]   reduced: (337093, 3)
09:58:02 [INFO] d (16, 11) -> (16, 12)
10:12:32 [INFO]   size:    (582447, 337093)
10:12:49 [INFO]   reduced: (245354, 0)
10:12:49 [INFO] d (16, 12) -> (16, 13)
10:20:27 [INFO]   size:    (356938, 245354)
10:20:37 [INFO]   reduced: (111584, 0)
10:20:37 [INFO] d (16, 13) -> (16, 14)
10:22:27 [INFO]   size:    (140328, 111584)
10:22:30 [INFO]   reduced: (28744, 0)
10:22:30 [INFO] d (16, 14) -> (16, 15)
10:22:38 [INFO]   size:    (31928, 28744)
10:22:39 [INFO]   reduced: (3184, 0)
10:22:39 [INFO] d (16, 15) -> (16, 16)
10:22:39 [INFO]   size:    (3184, 3184)
10:22:39 [INFO]   reduced: (0, 0)
10:22:39 [INFO] d (16, 16) -> (16, 17)
10:22:39 [INFO]   size:    (0, 0)
10:22:39 [INFO]   reduced: (0, 0)
10:22:39 [INFO] reduced C (q: -26)
 v\h  12  13  14  15  16 
 16   .   .   .   .   . 
 15   .   .   .   .   . 
 14   .   .   Q³  .   . 
 13   .   .   .   .   . 
 12   .   .   .   Q⁶  . 
 11   .   .   .   .   . 
 10   .   .   .   .   Q³ 
 9    .   .   .   .   . 
 8    .   .   .   .   . 
 7    .   .   .   .   . 
 6    .   .   .   .   . 
 5    .   .   .   .   . 
 4    .   .   .   .   . 
 3    .   .   .   .   . 

10:23:01 [INFO] H (q: -26)..
10:23:01 [INFO] H (q: -26)
 v\h  12  13  14  15  16 
 16   .   .   .   .   . 
 15   .   .   .   .   . 
 14   .   .   Q³  .   . 
 13   .   .   .   .   . 
 12   .   .   .   Q⁶  . 
 11   .   .   .   .   . 
 10   .   .   .   .   Q³ 
 9    .   .   .   .   . 
 8    .   .   .   .   . 
 7    .   .   .   .   . 
 6    .   .   .   .   . 
 5    .   .   .   .   . 
 4    .   .   .   .   . 
 3    .   .   .   .   . 

10:23:01 [INFO] save: /lustre1/home/taketo.sano/yui-kr/tmp/11a_200_result.json
10:23:02 [INFO] - - - - - - - - - - - - - - - -
10:23:02 [INFO] (8/11) q: -25
10:23:02 [INFO] C (q: -25, range: (12..=15, 3..=16))..
10:23:02 [INFO] setup cube..
10:32:06 [INFO] setup summands..
10:37:45 [INFO] C (q: -25)
 v\h  12  13   14      15 
 16   .   Q¹⁸  Q¹⁰⁹⁸   Q⁵⁸⁵⁶ 
 15   .   Q⁶⁷  Q⁷⁶⁰⁵   Q⁵³⁶¹⁸ 
 14   .   Q⁸⁰  Q²¹¹²⁸  Q²¹¹⁰⁸⁸ 
 13   .   Q⁴⁰  Q³⁰⁵⁷¹  Q⁴⁷⁰⁶⁰¹ 
 12   .   Q⁹   Q²⁴⁹⁵⁷  Q⁶⁵⁵⁶⁷⁸ 
 11   .   Q    Q¹¹⁶³¹  Q⁵⁹²⁰⁷² 
 10   .   .    Q²⁹⁵⁸   Q³⁴⁶⁶³⁷ 
 9    .   .    Q³⁵²    Q¹²⁷⁵⁵³ 
 8    .   .    Q¹¹     Q²⁷³⁷¹ 
 7    .   .    .       Q²⁸⁷⁸ 
 6    .   .    .       Q⁸⁴ 
 5    .   .    .       . 
 4    .   .    .       . 
 3    .   .    .       . 

10:37:45 [INFO] reduce C_tot (q: -25)..
10:37:45 [INFO] d (12, 3) -> (12, 4)
10:37:45 [INFO]   size:    (0, 0)
10:37:45 [INFO]   reduced: (0, 0)
10:37:45 [INFO] d (12, 4) -> (12, 5)
10:37:45 [INFO]   size:    (0, 0)
10:37:45 [INFO]   reduced: (0, 0)
10:37:45 [INFO] d (12, 5) -> (12, 6)
10:37:45 [INFO]   size:    (0, 0)
10:37:45 [INFO]   reduced: (0, 0)
10:37:45 [INFO] d (12, 6) -> (12, 7)
10:37:45 [INFO]   size:    (0, 0)
10:37:45 [INFO]   reduced: (0, 0)
10:37:45 [INFO] d (12, 7) -> (12, 8)
10:37:45 [INFO]   size:    (0, 0)
10:37:45 [INFO]   reduced: (0, 0)
10:37:45 [INFO] d (12, 8) -> (12, 9)
10:37:45 [INFO]   size:    (0, 0)
10:37:45 [INFO]   reduced: (0, 0)
10:37:45 [INFO] d (12, 9) -> (12, 10)
10:37:45 [INFO]   size:    (0, 0)
10:37:45 [INFO]   reduced: (0, 0)
10:37:45 [INFO] d (12, 10) -> (12, 11)
10:37:45 [INFO]   size:    (0, 0)
10:37:45 [INFO]   reduced: (0, 0)
10:37:45 [INFO] d (12, 11) -> (12, 12)
10:37:45 [INFO]   size:    (0, 0)
10:37:45 [INFO]   reduced: (0, 0)
10:37:45 [INFO] d (12, 12) -> (12, 13)
10:37:45 [INFO]   size:    (0, 0)
10:37:45 [INFO]   reduced: (0, 0)
10:37:45 [INFO] d (12, 13) -> (12, 14)
10:37:45 [INFO]   size:    (0, 0)
10:37:45 [INFO]   reduced: (0, 0)
10:37:45 [INFO] d (12, 14) -> (12, 15)
10:37:45 [INFO]   size:    (0, 0)
10:37:45 [INFO]   reduced: (0, 0)
10:37:45 [INFO] d (12, 15) -> (12, 16)
10:37:45 [INFO]   size:    (0, 0)
10:37:45 [INFO]   reduced: (0, 0)
10:37:45 [INFO] d (12, 16) -> (12, 17)
10:37:45 [INFO]   size:    (0, 0)
10:37:45 [INFO]   reduced: (0, 0)
10:37:45 [INFO] d (13, 3) -> (13, 4)
10:37:45 [INFO]   size:    (0, 0)
10:37:45 [INFO]   reduced: (0, 0)
10:37:45 [INFO] d (13, 4) -> (13, 5)
10:37:45 [INFO]   size:    (0, 0)
10:37:45 [INFO]   reduced: (0, 0)
10:37:45 [INFO] d (13, 5) -> (13, 6)
10:37:45 [INFO]   size:    (0, 0)
10:37:45 [INFO]   reduced: (0, 0)
10:37:45 [INFO] d (13, 6) -> (13, 7)
10:37:45 [INFO]   size:    (0, 0)
10:37:45 [INFO]   reduced: (0, 0)
10:37:45 [INFO] d (13, 7) -> (13, 8)
10:37:45 [INFO]   size:    (0, 0)
10:37:45 [INFO]   reduced: (0, 0)
10:37:45 [INFO] d (13, 8) -> (13, 9)
10:37:45 [INFO]   size:    (0, 0)
10:37:45 [INFO]   reduced: (0, 0)
10:37:45 [INFO] d (13, 9) -> (13, 10)
10:37:45 [INFO]   size:    (0, 0)
10:37:45 [INFO]   reduced: (0, 0)
10:37:45 [INFO] d (13, 10) -> (13, 11)
10:37:45 [INFO]   size:    (1, 0)
10:37:45 [INFO]   reduced: (1, 0)
10:37:45 [INFO] d (13, 11) -> (13, 12)
10:37:45 [INFO]   size:    (9, 1)
10:37:45 [INFO]   reduced: (8, 0)
10:37:45 [INFO] d (13, 12) -> (13, 13)
10:37:45 [INFO]   size:    (40, 8)
10:37:45 [INFO]   reduced: (32, 0)
10:37:45 [INFO] d (13, 13) -> (13, 14)
10:37:46 [INFO]   size:    (80, 32)
10:37:46 [INFO]   reduced: (48, 0)
10:37:46 [INFO] d (13, 14) -> (13, 15)
10:37:46 [INFO]   size:    (67, 48)
10:37:46 [INFO]   reduced: (19, 0)
10:37:46 [INFO] d (13, 15) -> (13, 16)
10:37:46 [INFO]   size:    (18, 19)
10:37:46 [INFO]   reduced: (0, 1)
10:37:46 [INFO] d (13, 16) -> (13, 17)
10:37:46 [INFO]   size:    (0, 0)
10:37:46 [INFO]   reduced: (0, 0)
10:37:46 [INFO] d (14, 3) -> (14, 4)
10:37:46 [INFO]   size:    (0, 0)
10:37:46 [INFO]   reduced: (0, 0)
10:37:46 [INFO] d (14, 4) -> (14, 5)
10:37:46 [INFO]   size:    (0, 0)
10:37:46 [INFO]   reduced: (0, 0)
10:37:46 [INFO] d (14, 5) -> (14, 6)
10:37:46 [INFO]   size:    (0, 0)
10:37:46 [INFO]   reduced: (0, 0)
10:37:46 [INFO] d (14, 6) -> (14, 7)
10:37:46 [INFO]   size:    (0, 0)
10:37:46 [INFO]   reduced: (0, 0)
10:37:46 [INFO] d (14, 7) -> (14, 8)
10:37:46 [INFO]   size:    (11, 0)
10:37:46 [INFO]   reduced: (11, 0)
10:37:46 [INFO] d (14, 8) -> (14, 9)
10:37:46 [INFO]   size:    (352, 11)
10:37:46 [INFO]   reduced: (341, 0)
10:37:46 [INFO] d (14, 9) -> (14, 10)
10:37:46 [INFO]   size:    (2958, 341)
10:37:46 [INFO]   reduced: (2617, 0)
10:37:46 [INFO] d (14, 10) -> (14, 11)
10:37:47 [INFO]   size:    (11631, 2617)
10:37:47 [INFO]   reduced: (9014, 0)
10:37:47 [INFO] d (14, 11) -> (14, 12)
10:38:00 [INFO]   size:    (24957, 9014)
10:38:01 [INFO]   reduced: (15943, 0)
10:38:01 [INFO] d (14, 12) -> (14, 13)
10:38:38 [INFO]   size:    (30571, 15943)
10:38:41 [INFO]   reduced: (14628, 0)
10:38:41 [INFO] d (14, 13) -> (14, 14)
10:39:09 [INFO]   size:    (21128, 14628)
10:39:12 [INFO]   reduced: (6507, 7)
10:39:12 [INFO] d (14, 14) -> (14, 15)
10:39:17 [INFO]   size:    (7605, 6507)
10:39:17 [INFO]   reduced: (1098, 0)
10:39:17 [INFO] d (14, 15) -> (14, 16)
10:39:18 [INFO]   size:    (1098, 1098)
10:39:18 [INFO]   reduced: (0, 0)
10:39:18 [INFO] d (14, 16) -> (14, 17)
10:39:18 [INFO]   size:    (0, 0)
10:39:18 [INFO]   reduced: (0, 0)
10:39:18 [INFO] d (15, 3) -> (15, 4)
10:39:18 [INFO]   size:    (0, 0)
10:39:18 [INFO]   reduced: (0, 0)
10:39:18 [INFO] d (15, 4) -> (15, 5)
10:39:18 [INFO]   size:    (0, 0)
10:39:18 [INFO]   reduced: (0, 0)
10:39:18 [INFO] d (15, 5) -> (15, 6)
10:39:18 [INFO]   size:    (84, 0)
10:39:18 [INFO]   reduced: (84, 0)
10:39:18 [INFO] d (15, 6) -> (15, 7)
10:39:18 [INFO]   size:    (2878, 84)
10:39:18 [INFO]   reduced: (2794, 0)
10:39:18 [INFO] d (15, 7) -> (15, 8)
10:39:19 [INFO]   size:    (27371, 2794)
10:39:19 [INFO]   reduced: (24577, 0)
10:39:19 [INFO] d (15, 8) -> (15, 9)
10:39:38 [INFO]   size:    (127553, 24577)
10:39:39 [INFO]   reduced: (102976, 0)
10:39:39 [INFO] d (15, 9) -> (15, 10)
10:44:28 [INFO]   size:    (346637, 102976)
10:44:42 [INFO]   reduced: (243661, 0)
10:44:42 [INFO] d (15, 10) -> (15, 11)
11:13:52 [INFO]   size:    (592072, 243661)
11:20:52 [INFO]   reduced: (348411, 0)
11:20:52 [INFO] d (15, 11) -> (15, 12)
12:23:35 [INFO]   size:    (655678, 348411)
13:22:38 [INFO]   reduced: (307275, 8)
13:22:38 [INFO] d (15, 12) -> (15, 13)
14:22:21 [INFO]   size:    (470601, 307275)
15:17:14 [INFO]   reduced: (163326, 0)
15:17:14 [INFO] d (15, 13) -> (15, 14)
15:36:58 [INFO]   size:    (211088, 163326)
15:40:54 [INFO]   reduced: (47762, 0)
15:40:54 [INFO] d (15, 14) -> (15, 15)
15:42:44 [INFO]   size:    (53618, 47762)
15:42:48 [INFO]   reduced: (5856, 0)
15:42:48 [INFO] d (15, 15) -> (15, 16)
15:42:49 [INFO]   size:    (5856, 5856)
15:42:49 [INFO]   reduced: (0, 0)
15:42:49 [INFO] d (15, 16) -> (15, 17)
15:42:49 [INFO]   size:    (0, 0)
15:42:49 [INFO]   reduced: (0, 0)
15:42:49 [INFO] reduced C (q: -25)
 v\h  12  13  14  15 
 16   .   .   .   . 
 15   .   Q   .   . 
 14   .   .   .   . 
 13   .   .   Q⁷  . 
 12   .   .   .   . 
 11   .   .   .   Q⁸ 
 10   .   .   .   . 
 9    .   .   .   . 
 8    .   .   .   . 
 7    .   .   .   . 
 6    .   .   .   . 
 5    .   .   .   . 
 4    .   .   .   . 
 3    .   .   .   . 

15:44:39 [INFO] H (q: -25)..
15:44:39 [INFO] H (q: -25)
 v\h  12  13  14  15 
 16   .   .   .   . 
 15   .   Q   .   . 
 14   .   .   .   . 
 13   .   .   Q⁷  . 
 12   .   .   .   . 
 11   .   .   .   Q⁸ 
 10   .   .   .   . 
 9    .   .   .   . 
 8    .   .   .   . 
 7    .   .   .   . 
 6    .   .   .   . 
 5    .   .   .   . 
 4    .   .   .   . 
 3    .   .   .   . 

15:44:39 [INFO] save: /lustre1/home/taketo.sano/yui-kr/tmp/11a_200_result.json
15:44:39 [INFO] - - - - - - - - - - - - - - - -
15:44:39 [INFO] (9/11) q: -24
15:44:39 [INFO] C (q: -24, range: (12..=14, 3..=16))..
15:44:39 [INFO] setup cube..
17:35:11 [INFO] setup summands..
17:44:55 [INFO] C (q: -24)
 v\h  12  13     14 
 16   .   Q¹³²   Q³²⁶⁷ 
 15   .   Q⁶⁹³   Q²⁶¹⁹³ 
 14   .   Q¹³²⁶  Q⁸⁷³⁵⁷ 
 13   .   Q¹²⁰¹  Q¹⁵⁹⁰⁷¹ 
 12   .   Q⁵⁶⁶   Q¹⁷³⁵³² 
 11   .   Q¹⁴⁰   Q¹¹⁶⁷⁰⁶ 
 10   .   Q¹⁵    Q⁴⁷⁸⁹⁵ 
 9    .   .      Q¹¹³⁸¹ 
 8    .   .      Q¹³⁶⁴ 
 7    .   .      Q⁵⁴ 
 6    .   .      . 
 5    .   .      . 
 4    .   .      . 
 3    .   .      . 

17:44:55 [INFO] reduce C_tot (q: -24)..
17:44:55 [INFO] d (12, 3) -> (12, 4)
17:44:55 [INFO]   size:    (0, 0)
17:44:55 [INFO]   reduced: (0, 0)
17:44:55 [INFO] d (12, 4) -> (12, 5)
17:44:55 [INFO]   size:    (0, 0)
17:44:55 [INFO]   reduced: (0, 0)
17:44:55 [INFO] d (12, 5) -> (12, 6)
17:44:55 [INFO]   size:    (0, 0)
17:44:55 [INFO]   reduced: (0, 0)
17:44:55 [INFO] d (12, 6) -> (12, 7)
17:44:55 [INFO]   size:    (0, 0)
17:44:55 [INFO]   reduced: (0, 0)
17:44:55 [INFO] d (12, 7) -> (12, 8)
17:44:55 [INFO]   size:    (0, 0)
17:44:55 [INFO]   reduced: (0, 0)
17:44:55 [INFO] d (12, 8) -> (12, 9)
17:44:55 [INFO]   size:    (0, 0)
17:44:55 [INFO]   reduced: (0, 0)
17:44:55 [INFO] d (12, 9) -> (12, 10)
17:44:55 [INFO]   size:    (0, 0)
17:44:55 [INFO]   reduced: (0, 0)
17:44:55 [INFO] d (12, 10) -> (12, 11)
17:44:55 [INFO]   size:    (0, 0)
17:44:55 [INFO]   reduced: (0, 0)
17:44:55 [INFO] d (12, 11) -> (12, 12)
17:44:55 [INFO]   size:    (0, 0)
17:44:55 [INFO]   reduced: (0, 0)
17:44:55 [INFO] d (12, 12) -> (12, 13)
17:44:55 [INFO]   size:    (0, 0)
17:44:55 [INFO]   reduced: (0, 0)
17:44:55 [INFO] d (12, 13) -> (12, 14)
17:44:55 [INFO]   size:    (0, 0)
17:44:55 [INFO]   reduced: (0, 0)
17:44:55 [INFO] d (12, 14) -> (12, 15)
17:44:55 [INFO]   size:    (0, 0)
17:44:55 [INFO]   reduced: (0, 0)
17:44:55 [INFO] d (12, 15) -> (12, 16)
17:44:55 [INFO]   size:    (0, 0)
17:44:55 [INFO]   reduced: (0, 0)
17:44:55 [INFO] d (12, 16) -> (12, 17)
17:44:55 [INFO]   size:    (0, 0)
17:44:55 [INFO]   reduced: (0, 0)
17:44:55 [INFO] d (13, 3) -> (13, 4)
17:44:55 [INFO]   size:    (0, 0)
17:44:55 [INFO]   reduced: (0, 0)
17:44:55 [INFO] d (13, 4) -> (13, 5)
17:44:55 [INFO]   size:    (0, 0)
17:44:55 [INFO]   reduced: (0, 0)
17:44:55 [INFO] d (13, 5) -> (13, 6)
17:44:55 [INFO]   size:    (0, 0)
17:44:55 [INFO]   reduced: (0, 0)
17:44:55 [INFO] d (13, 6) -> (13, 7)
17:44:55 [INFO]   size:    (0, 0)
17:44:55 [INFO]   reduced: (0, 0)
17:44:55 [INFO] d (13, 7) -> (13, 8)
17:44:55 [INFO]   size:    (0, 0)
17:44:55 [INFO]   reduced: (0, 0)
17:44:55 [INFO] d (13, 8) -> (13, 9)
17:44:55 [INFO]   size:    (0, 0)
17:44:55 [INFO]   reduced: (0, 0)
17:44:55 [INFO] d (13, 9) -> (13, 10)
17:44:55 [INFO]   size:    (15, 0)
17:44:55 [INFO]   reduced: (15, 0)
17:44:55 [INFO] d (13, 10) -> (13, 11)
17:44:55 [INFO]   size:    (140, 15)
17:44:55 [INFO]   reduced: (125, 0)
17:44:55 [INFO] d (13, 11) -> (13, 12)
17:44:56 [INFO]   size:    (566, 125)
17:44:56 [INFO]   reduced: (441, 0)
17:44:56 [INFO] d (13, 12) -> (13, 13)
17:44:56 [INFO]   size:    (1201, 441)
17:44:56 [INFO]   reduced: (760, 0)
17:44:56 [INFO] d (13, 13) -> (13, 14)
17:44:58 [INFO]   size:    (1326, 760)
17:44:58 [INFO]   reduced: (566, 0)
17:44:58 [INFO] d (13, 14) -> (13, 15)
17:44:58 [INFO]   size:    (693, 566)
17:44:58 [INFO]   reduced: (132, 5)
17:44:58 [INFO] d (13, 15) -> (13, 16)
17:44:58 [INFO]   size:    (132, 132)
17:44:58 [INFO]   reduced: (0, 0)
17:44:58 [INFO] d (13, 16) -> (13, 17)
17:44:58 [INFO]   size:    (0, 0)
17:44:58 [INFO]   reduced: (0, 0)
17:44:58 [INFO] d (14, 3) -> (14, 4)
17:44:58 [INFO]   size:    (0, 0)
17:44:58 [INFO]   reduced: (0, 0)
17:44:58 [INFO] d (14, 4) -> (14, 5)
17:44:58 [INFO]   size:    (0, 0)
17:44:58 [INFO]   reduced: (0, 0)
17:44:58 [INFO] d (14, 5) -> (14, 6)
17:44:58 [INFO]   size:    (0, 0)
17:44:58 [INFO]   reduced: (0, 0)
17:44:58 [INFO] d (14, 6) -> (14, 7)
17:44:58 [INFO]   size:    (54, 0)
17:44:58 [INFO]   reduced: (54, 0)
17:44:58 [INFO] d (14, 7) -> (14, 8)
17:44:58 [INFO]   size:    (1364, 54)
17:44:58 [INFO]   reduced: (1310, 0)
17:44:58 [INFO] d (14, 8) -> (14, 9)
17:44:59 [INFO]   size:    (11381, 1310)
17:44:59 [INFO]   reduced: (10071, 0)
17:44:59 [INFO] d (14, 9) -> (14, 10)
17:45:16 [INFO]   size:    (47895, 10071)
17:45:17 [INFO]   reduced: (37824, 0)
17:45:17 [INFO] d (14, 10) -> (14, 11)
17:50:37 [INFO]   size:    (116706, 37824)
17:50:41 [INFO]   reduced: (78882, 0)
17:50:41 [INFO] d (14, 11) -> (14, 12)
18:16:09 [INFO]   size:    (173532, 78882)
18:17:26 [INFO]   reduced: (94650, 0)
18:17:26 [INFO] d (14, 12) -> (14, 13)
18:53:37 [INFO]   size:    (159071, 94650)
19:02:19 [INFO]   reduced: (64431, 10)
19:02:19 [INFO] d (14, 13) -> (14, 14)
19:16:36 [INFO]   size:    (87357, 64431)
19:21:58 [INFO]   reduced: (22926, 0)
19:21:58 [INFO] d (14, 14) -> (14, 15)
19:23:35 [INFO]   size:    (26193, 22926)
19:23:43 [INFO]   reduced: (3267, 0)
19:23:43 [INFO] d (14, 15) -> (14, 16)
19:23:45 [INFO]   size:    (3267, 3267)
19:23:45 [INFO]   reduced: (0, 0)
19:23:45 [INFO] d (14, 16) -> (14, 17)
19:23:45 [INFO]   size:    (0, 0)
19:23:45 [INFO]   reduced: (0, 0)
19:23:45 [INFO] reduced C (q: -24)
 v\h  12  13  14 
 16   .   .   . 
 15   .   .   . 
 14   .   Q⁵  . 
 13   .   .   . 
 12   .   .   Q¹⁰ 
 11   .   .   . 
 10   .   .   . 
 9    .   .   . 
 8    .   .   . 
 7    .   .   . 
 6    .   .   . 
 5    .   .   . 
 4    .   .   . 
 3    .   .   . 

19:28:51 [INFO] H (q: -24)..
19:28:51 [INFO] H (q: -24)
 v\h  12  13  14 
 16   .   .   . 
 15   .   .   . 
 14   .   Q⁵  . 
 13   .   .   . 
 12   .   .   Q¹⁰ 
 11   .   .   . 
 10   .   .   . 
 9    .   .   . 
 8    .   .   . 
 7    .   .   . 
 6    .   .   . 
 5    .   .   . 
 4    .   .   . 
 3    .   .   . 

19:28:51 [INFO] save: /lustre1/home/taketo.sano/yui-kr/tmp/11a_200_result.json
19:28:51 [INFO] - - - - - - - - - - - - - - - -
19:28:51 [INFO] (10/11) q: -23
19:28:51 [INFO] C (q: -23, range: (12..=13, 3..=16))..
19:28:51 [INFO] setup cube..
20:48:35 [INFO] setup summands..
20:49:07 [INFO] C (q: -23)
 v\h  12  13 
 16   Q²  Q⁵⁸² 
 15   Q⁷  Q³⁸³⁹ 
 14   Q⁷  Q⁹⁹²² 
 13   Q⁴  Q¹³¹⁷⁵ 
 12   Q   Q⁹⁸⁵⁰ 
 11   .   Q⁴²⁶² 
 10   .   Q¹⁰²⁷ 
 9    .   Q¹¹³ 
 8    .   Q² 
 7    .   . 
 6    .   . 
 5    .   . 
 4    .   . 
 3    .   . 

20:49:07 [INFO] reduce C_tot (q: -23)..
20:49:07 [INFO] d (12, 3) -> (12, 4)
20:49:07 [INFO]   size:    (0, 0)
20:49:07 [INFO]   reduced: (0, 0)
20:49:07 [INFO] d (12, 4) -> (12, 5)
20:49:07 [INFO]   size:    (0, 0)
20:49:07 [INFO]   reduced: (0, 0)
20:49:07 [INFO] d (12, 5) -> (12, 6)
20:49:07 [INFO]   size:    (0, 0)
20:49:07 [INFO]   reduced: (0, 0)
20:49:07 [INFO] d (12, 6) -> (12, 7)
20:49:07 [INFO]   size:    (0, 0)
20:49:07 [INFO]   reduced: (0, 0)
20:49:07 [INFO] d (12, 7) -> (12, 8)
20:49:07 [INFO]   size:    (0, 0)
20:49:07 [INFO]   reduced: (0, 0)
20:49:07 [INFO] d (12, 8) -> (12, 9)
20:49:07 [INFO]   size:    (0, 0)
20:49:07 [INFO]   reduced: (0, 0)
20:49:07 [INFO] d (12, 9) -> (12, 10)
20:49:07 [INFO]   size:    (0, 0)
20:49:07 [INFO]   reduced: (0, 0)
20:49:07 [INFO] d (12, 10) -> (12, 11)
20:49:07 [INFO]   size:    (0, 0)
20:49:07 [INFO]   reduced: (0, 0)
20:49:07 [INFO] d (12, 11) -> (12, 12)
20:49:07 [INFO]   size:    (1, 0)
20:49:07 [INFO]   reduced: (1, 0)
20:49:07 [INFO] d (12, 12) -> (12, 13)
20:49:07 [INFO]   size:    (4, 1)
20:49:07 [INFO]   reduced: (3, 0)
20:49:07 [INFO] d (12, 13) -> (12, 14)
20:49:07 [INFO]   size:    (7, 3)
20:49:07 [INFO]   reduced: (4, 0)
20:49:07 [INFO] d (12, 14) -> (12, 15)
20:49:07 [INFO]   size:    (7, 4)
20:49:07 [INFO]   reduced: (3, 0)
20:49:07 [INFO] d (12, 15) -> (12, 16)
20:49:07 [INFO]   size:    (2, 3)
20:49:07 [INFO]   reduced: (0, 1)
20:49:07 [INFO] d (12, 16) -> (12, 17)
20:49:07 [INFO]   size:    (0, 0)
20:49:07 [INFO]   reduced: (0, 0)
20:49:07 [INFO] d (13, 3) -> (13, 4)
20:49:07 [INFO]   size:    (0, 0)
20:49:07 [INFO]   reduced: (0, 0)
20:49:07 [INFO] d (13, 4) -> (13, 5)
20:49:07 [INFO]   size:    (0, 0)
20:49:07 [INFO]   reduced: (0, 0)
20:49:07 [INFO] d (13, 5) -> (13, 6)
20:49:07 [INFO]   size:    (0, 0)
20:49:07 [INFO]   reduced: (0, 0)
20:49:07 [INFO] d (13, 6) -> (13, 7)
20:49:07 [INFO]   size:    (0, 0)
20:49:07 [INFO]   reduced: (0, 0)
20:49:07 [INFO] d (13, 7) -> (13, 8)
20:49:07 [INFO]   size:    (2, 0)
20:49:07 [INFO]   reduced: (2, 0)
20:49:07 [INFO] d (13, 8) -> (13, 9)
20:49:07 [INFO]   size:    (113, 2)
20:49:07 [INFO]   reduced: (111, 0)
20:49:07 [INFO] d (13, 9) -> (13, 10)
20:49:07 [INFO]   size:    (1027, 111)
20:49:07 [INFO]   reduced: (916, 0)
20:49:07 [INFO] d (13, 10) -> (13, 11)
20:49:10 [INFO]   size:    (4262, 916)
20:49:10 [INFO]   reduced: (3346, 0)
20:49:10 [INFO] d (13, 11) -> (13, 12)
20:49:35 [INFO]   size:    (9850, 3346)
20:49:36 [INFO]   reduced: (6504, 0)
20:49:36 [INFO] d (13, 12) -> (13, 13)
20:50:32 [INFO]   size:    (13175, 6504)
20:50:33 [INFO]   reduced: (6671, 0)
20:50:33 [INFO] d (13, 13) -> (13, 14)
20:51:14 [INFO]   size:    (9922, 6671)
20:51:15 [INFO]   reduced: (3257, 6)
20:51:15 [INFO] d (13, 14) -> (13, 15)
20:51:24 [INFO]   size:    (3839, 3257)
20:51:24 [INFO]   reduced: (582, 0)
20:51:24 [INFO] d (13, 15) -> (13, 16)
20:51:25 [INFO]   size:    (582, 582)
20:51:25 [INFO]   reduced: (0, 0)
20:51:25 [INFO] d (13, 16) -> (13, 17)
20:51:25 [INFO]   size:    (0, 0)
20:51:25 [INFO]   reduced: (0, 0)
20:51:25 [INFO] reduced C (q: -23)
 v\h  12  13 
 16   .   . 
 15   Q   . 
 14   .   . 
 13   .   Q⁶ 
 12   .   . 
 11   .   . 
 10   .   . 
 9    .   . 
 8    .   . 
 7    .   . 
 6    .   . 
 5    .   . 
 4    .   . 
 3    .   . 

20:52:36 [INFO] H (q: -23)..
20:52:36 [INFO] H (q: -23)
 v\h  12  13 
 16   .   . 
 15   Q   . 
 14   .   . 
 13   .   Q⁶ 
 12   .   . 
 11   .   . 
 10   .   . 
 9    .   . 
 8    .   . 
 7    .   . 
 6    .   . 
 5    .   . 
 4    .   . 
 3    .   . 

20:52:36 [INFO] save: /lustre1/home/taketo.sano/yui-kr/tmp/11a_200_result.json
20:52:36 [INFO] - - - - - - - - - - - - - - - -
20:52:36 [INFO] (11/11) q: -22
20:52:36 [INFO] C (q: -22, range: (12..=12, 3..=16))..
20:52:36 [INFO] setup cube..
21:14:58 [INFO] setup summands..
21:15:00 [INFO] C (q: -22)
 v\h  12 
 16   Q²¹ 
 15   Q¹⁰⁵ 
 14   Q¹⁸² 
 13   Q¹⁵³ 
 12   Q⁷³ 
 11   Q¹⁷ 
 10   Q 
 9    . 
 8    . 
 7    . 
 6    . 
 5    . 
 4    . 
 3    . 

21:15:00 [INFO] reduce C_tot (q: -22)..
21:15:00 [INFO] d (12, 3) -> (12, 4)
21:15:00 [INFO]   size:    (0, 0)
21:15:00 [INFO]   reduced: (0, 0)
21:15:00 [INFO] d (12, 4) -> (12, 5)
21:15:00 [INFO]   size:    (0, 0)
21:15:00 [INFO]   reduced: (0, 0)
21:15:00 [INFO] d (12, 5) -> (12, 6)
21:15:00 [INFO]   size:    (0, 0)
21:15:00 [INFO]   reduced: (0, 0)
21:15:00 [INFO] d (12, 6) -> (12, 7)
21:15:00 [INFO]   size:    (0, 0)
21:15:00 [INFO]   reduced: (0, 0)
21:15:00 [INFO] d (12, 7) -> (12, 8)
21:15:00 [INFO]   size:    (0, 0)
21:15:00 [INFO]   reduced: (0, 0)
21:15:00 [INFO] d (12, 8) -> (12, 9)
21:15:00 [INFO]   size:    (0, 0)
21:15:00 [INFO]   reduced: (0, 0)
21:15:00 [INFO] d (12, 9) -> (12, 10)
21:15:00 [INFO]   size:    (1, 0)
21:15:00 [INFO]   reduced: (1, 0)
21:15:00 [INFO] d (12, 10) -> (12, 11)
21:15:00 [INFO]   size:    (17, 1)
21:15:00 [INFO]   reduced: (16, 0)
21:15:00 [INFO] d (12, 11) -> (12, 12)
21:15:00 [INFO]   size:    (73, 16)
21:15:00 [INFO]   reduced: (57, 0)
21:15:00 [INFO] d (12, 12) -> (12, 13)
21:15:00 [INFO]   size:    (153, 57)
21:15:00 [INFO]   reduced: (96, 0)
21:15:00 [INFO] d (12, 13) -> (12, 14)
21:15:01 [INFO]   size:    (182, 96)
21:15:01 [INFO]   reduced: (86, 0)
21:15:01 [INFO] d (12, 14) -> (12, 15)
21:15:01 [INFO]   size:    (105, 86)
21:15:01 [INFO]   reduced: (21, 2)
21:15:01 [INFO] d (12, 15) -> (12, 16)
21:15:01 [INFO]   size:    (21, 21)
21:15:01 [INFO]   reduced: (0, 0)
21:15:01 [INFO] d (12, 16) -> (12, 17)
21:15:01 [INFO]   size:    (0, 0)
21:15:01 [INFO]   reduced: (0, 0)
21:15:01 [INFO] reduced C (q: -22)
 v\h  12 
 16   . 
 15   . 
 14   Q² 
 13   . 
 12   . 
 11   . 
 10   . 
 9    . 
 8    . 
 7    . 
 6    . 
 5    . 
 4    . 
 3    . 

21:15:13 [INFO] H (q: -22)..
21:15:13 [INFO] H (q: -22)
 v\h  12 
 16   . 
 15   . 
 14   Q² 
 13   . 
 12   . 
 11   . 
 10   . 
 9    . 
 8    . 
 7    . 
 6    . 
 5    . 
 4    . 
 3    . 

21:15:13 [INFO] save: /lustre1/home/taketo.sano/yui-kr/tmp/11a_200_result.json
21:15:13 [INFO] - - - - - - - - - - - - - - - -
21:15:34 [INFO] save: /lustre1/home/taketo.sano/yui-kr/results/11a_200.json
21:15:34 [INFO] time: 42549.332756027s
 k\j  4     6     8     10    12 
 4    q⁻⁴   .     .     .     . 
 2    2q⁻²  2q⁻⁴  .     .     . 
 0    3     6q⁻²  3q⁻⁴  .     . 
 -2   2q²   8     7q⁻²  q⁻⁴   . 
 -4   q⁴    6q²   10    5q⁻²  . 
 -6   .     2q⁴   7q²   6     q⁻² 
 -8   .     .     3q⁴   5q²   2 
 -10  .     .     .     q⁴    q² 

