running yui-kr...
    Updating crates.io index
    Updating git repository `https://github.com/taketo1024/yui`
warning: unused variable: `q`
  --> src/lib/calc.rs:90:30
   |
90 |     fn compute_in(&mut self, q: isize, targets: &Vec<isize3>) -> Result<(), Box<dyn std::error::Error>> { 
   |                              ^ help: if this is intentional, prefix it with an underscore: `_q`
   |
   = note: `#[warn(unused_variables)]` on by default

warning: `yui-kr` (lib) generated 1 warning (run `cargo fix --lib -p yui-kr` to apply 1 suggestion)
    Finished release [optimized + debuginfo] target(s) in 2.64s
     Running `target/release/ykr 11a_237 -i bigint -s -p --debug`
21:15:47 [INFO] args: CliArgs { target: "11a_237", int_type: BigInt, mirror: false, format: PolyTable, force_compute: false, save_progress: true, save_result: true, check_result: false, debug: true }
21:15:47 [INFO] n-threads: 64
21:15:47 [INFO] braid: [1, 1, 1, 2, -1, 2, 2, 2, 3, -2, -2, 4, -3, 2, 4, 3]
21:15:47 [INFO] compute from mirror.
21:16:09 [INFO] save: /lustre1/home/taketo.sano/yui-kr/tmp/11a_237_result.json
21:16:09 [INFO] compute KRHomology.
21:16:09 [INFO] targets: 425
21:16:09 [INFO] - - - - - - - - - - - - - - - -
21:16:09 [INFO] (1/11) q: -32
21:16:09 [INFO] C (q: -32, range: (16..=16, 15..=16))..
21:16:09 [INFO] setup cube..
21:16:09 [INFO] setup summands..
21:16:09 [INFO] C (q: -32)
 v\h  16 
 16   Q 
 15   Q⁴ 

21:16:09 [INFO] reduce C_tot (q: -32)..
21:16:09 [INFO] d (16, 15) -> (16, 16)
21:16:09 [INFO]   size:    (1, 4)
21:16:09 [INFO]   reduced: (0, 3)
21:16:09 [INFO] d (16, 16) -> (16, 17)
21:16:09 [INFO]   size:    (0, 0)
21:16:09 [INFO]   reduced: (0, 0)
21:16:09 [INFO] reduced C (q: -32)
 v\h  16 
 16   . 
 15   Q³ 

21:16:09 [INFO] H (q: -32)..
21:16:09 [INFO] H (q: -32)
 v\h  16 
 16   . 
 15   . 

21:16:09 [INFO] save: /lustre1/home/taketo.sano/yui-kr/tmp/11a_237_result.json
21:16:09 [INFO] - - - - - - - - - - - - - - - -
21:16:09 [INFO] (2/11) q: -31
21:16:09 [INFO] C (q: -31, range: (15..=16, 13..=16))..
21:16:09 [INFO] setup cube..
21:16:09 [INFO] setup summands..
21:16:09 [INFO] C (q: -31)
 v\h  15  16 
 16   .   Q¹² 
 15   .   Q⁶⁴ 
 14   .   Q¹³² 
 13   .   Q¹³² 

21:16:09 [INFO] reduce C_tot (q: -31)..
21:16:09 [INFO] d (15, 13) -> (15, 14)
21:16:09 [INFO]   size:    (0, 0)
21:16:09 [INFO]   reduced: (0, 0)
21:16:09 [INFO] d (15, 14) -> (15, 15)
21:16:09 [INFO]   size:    (0, 0)
21:16:09 [INFO]   reduced: (0, 0)
21:16:09 [INFO] d (15, 15) -> (15, 16)
21:16:09 [INFO]   size:    (0, 0)
21:16:09 [INFO]   reduced: (0, 0)
21:16:09 [INFO] d (15, 16) -> (15, 17)
21:16:09 [INFO]   size:    (0, 0)
21:16:09 [INFO]   reduced: (0, 0)
21:16:09 [INFO] d (16, 13) -> (16, 14)
21:16:09 [INFO]   size:    (132, 132)
21:16:09 [INFO]   reduced: (52, 52)
21:16:09 [INFO] d (16, 14) -> (16, 15)
21:16:09 [INFO]   size:    (64, 52)
21:16:09 [INFO]   reduced: (12, 0)
21:16:09 [INFO] d (16, 15) -> (16, 16)
21:16:09 [INFO]   size:    (12, 12)
21:16:09 [INFO]   reduced: (0, 0)
21:16:09 [INFO] d (16, 16) -> (16, 17)
21:16:09 [INFO]   size:    (0, 0)
21:16:09 [INFO]   reduced: (0, 0)
21:16:09 [INFO] reduced C (q: -31)
 v\h  15  16 
 16   .   . 
 15   .   . 
 14   .   . 
 13   .   Q⁵² 

21:16:09 [INFO] H (q: -31)..
21:16:09 [INFO] H (q: -31)
 v\h  15  16 
 16   .   . 
 15   .   . 
 14   .   . 
 13   .   . 

21:16:09 [INFO] save: /lustre1/home/taketo.sano/yui-kr/tmp/11a_237_result.json
21:16:09 [INFO] - - - - - - - - - - - - - - - -
21:16:09 [INFO] (3/11) q: -30
21:16:09 [INFO] C (q: -30, range: (14..=16, 11..=16))..
21:16:09 [INFO] setup cube..
21:16:09 [INFO] setup summands..
21:16:09 [INFO] C (q: -30)
 v\h  14  15   16 
 16   .   Q³   Q⁶⁹ 
 15   .   Q¹⁰  Q⁴⁵⁴ 
 14   .   Q¹²  Q¹²⁰⁰ 
 13   .   Q⁶   Q¹⁶²⁶ 
 12   .   Q    Q¹¹⁸⁹ 
 11   .   .    Q⁴⁴⁴ 

21:16:09 [INFO] reduce C_tot (q: -30)..
21:16:09 [INFO] d (14, 11) -> (14, 12)
21:16:09 [INFO]   size:    (0, 0)
21:16:09 [INFO]   reduced: (0, 0)
21:16:09 [INFO] d (14, 12) -> (14, 13)
21:16:09 [INFO]   size:    (0, 0)
21:16:09 [INFO]   reduced: (0, 0)
21:16:09 [INFO] d (14, 13) -> (14, 14)
21:16:09 [INFO]   size:    (0, 0)
21:16:09 [INFO]   reduced: (0, 0)
21:16:09 [INFO] d (14, 14) -> (14, 15)
21:16:09 [INFO]   size:    (0, 0)
21:16:09 [INFO]   reduced: (0, 0)
21:16:09 [INFO] d (14, 15) -> (14, 16)
21:16:09 [INFO]   size:    (0, 0)
21:16:09 [INFO]   reduced: (0, 0)
21:16:09 [INFO] d (14, 16) -> (14, 17)
21:16:09 [INFO]   size:    (0, 0)
21:16:09 [INFO]   reduced: (0, 0)
21:16:09 [INFO] d (15, 11) -> (15, 12)
21:16:09 [INFO]   size:    (1, 0)
21:16:09 [INFO]   reduced: (1, 0)
21:16:09 [INFO] d (15, 12) -> (15, 13)
21:16:09 [INFO]   size:    (6, 1)
21:16:09 [INFO]   reduced: (5, 0)
21:16:09 [INFO] d (15, 13) -> (15, 14)
21:16:09 [INFO]   size:    (12, 5)
21:16:09 [INFO]   reduced: (7, 0)
21:16:09 [INFO] d (15, 14) -> (15, 15)
21:16:09 [INFO]   size:    (10, 7)
21:16:09 [INFO]   reduced: (3, 0)
21:16:09 [INFO] d (15, 15) -> (15, 16)
21:16:09 [INFO]   size:    (3, 3)
21:16:09 [INFO]   reduced: (0, 0)
21:16:09 [INFO] d (15, 16) -> (15, 17)
21:16:09 [INFO]   size:    (0, 0)
21:16:09 [INFO]   reduced: (0, 0)
21:16:09 [INFO] d (16, 11) -> (16, 12)
21:16:09 [INFO]   size:    (1189, 444)
21:16:09 [INFO]   reduced: (811, 66)
21:16:09 [INFO] d (16, 12) -> (16, 13)
21:16:09 [INFO]   size:    (1626, 811)
21:16:09 [INFO]   reduced: (815, 0)
21:16:09 [INFO] d (16, 13) -> (16, 14)
21:16:09 [INFO]   size:    (1200, 815)
21:16:09 [INFO]   reduced: (385, 0)
21:16:09 [INFO] d (16, 14) -> (16, 15)
21:16:09 [INFO]   size:    (454, 385)
21:16:09 [INFO]   reduced: (69, 0)
21:16:09 [INFO] d (16, 15) -> (16, 16)
21:16:09 [INFO]   size:    (69, 69)
21:16:09 [INFO]   reduced: (0, 0)
21:16:09 [INFO] d (16, 16) -> (16, 17)
21:16:09 [INFO]   size:    (0, 0)
21:16:09 [INFO]   reduced: (0, 0)
21:16:09 [INFO] reduced C (q: -30)
 v\h  14  15  16 
 16   .   .   . 
 15   .   .   . 
 14   .   .   . 
 13   .   .   . 
 12   .   .   . 
 11   .   .   Q⁶⁶ 

21:16:09 [INFO] H (q: -30)..
21:16:09 [INFO] H (q: -30)
 v\h  14  15  16 
 16   .   .   . 
 15   .   .   . 
 14   .   .   . 
 13   .   .   . 
 12   .   .   . 
 11   .   .   . 

21:16:09 [INFO] save: /lustre1/home/taketo.sano/yui-kr/tmp/11a_237_result.json
21:16:09 [INFO] - - - - - - - - - - - - - - - -
21:16:09 [INFO] (4/11) q: -29
21:16:09 [INFO] C (q: -29, range: (13..=16, 9..=16))..
21:16:09 [INFO] setup cube..
21:16:10 [INFO] setup summands..
21:16:10 [INFO] C (q: -29)
 v\h  13  14  15    16 
 16   .   .   Q³⁸   Q²⁵⁸ 
 15   .   .   Q¹⁸¹  Q¹⁹⁸⁵ 
 14   .   .   Q³²⁴  Q⁶³³⁶ 
 13   .   .   Q²⁷⁵  Q¹⁰⁸³⁵ 
 12   .   .   Q¹¹³  Q¹⁰⁶⁷³ 
 11   .   .   Q²⁰   Q⁶⁰³² 
 10   .   .   Q     Q¹⁸⁰⁵ 
 9    .   .   .     Q²²⁰ 

21:16:10 [INFO] reduce C_tot (q: -29)..
21:16:10 [INFO] d (13, 9) -> (13, 10)
21:16:10 [INFO]   size:    (0, 0)
21:16:10 [INFO]   reduced: (0, 0)
21:16:10 [INFO] d (13, 10) -> (13, 11)
21:16:10 [INFO]   size:    (0, 0)
21:16:10 [INFO]   reduced: (0, 0)
21:16:10 [INFO] d (13, 11) -> (13, 12)
21:16:10 [INFO]   size:    (0, 0)
21:16:10 [INFO]   reduced: (0, 0)
21:16:10 [INFO] d (13, 12) -> (13, 13)
21:16:10 [INFO]   size:    (0, 0)
21:16:10 [INFO]   reduced: (0, 0)
21:16:10 [INFO] d (13, 13) -> (13, 14)
21:16:10 [INFO]   size:    (0, 0)
21:16:10 [INFO]   reduced: (0, 0)
21:16:10 [INFO] d (13, 14) -> (13, 15)
21:16:10 [INFO]   size:    (0, 0)
21:16:10 [INFO]   reduced: (0, 0)
21:16:10 [INFO] d (13, 15) -> (13, 16)
21:16:10 [INFO]   size:    (0, 0)
21:16:10 [INFO]   reduced: (0, 0)
21:16:10 [INFO] d (13, 16) -> (13, 17)
21:16:10 [INFO]   size:    (0, 0)
21:16:10 [INFO]   reduced: (0, 0)
21:16:10 [INFO] d (14, 9) -> (14, 10)
21:16:10 [INFO]   size:    (0, 0)
21:16:10 [INFO]   reduced: (0, 0)
21:16:10 [INFO] d (14, 10) -> (14, 11)
21:16:10 [INFO]   size:    (0, 0)
21:16:10 [INFO]   reduced: (0, 0)
21:16:10 [INFO] d (14, 11) -> (14, 12)
21:16:10 [INFO]   size:    (0, 0)
21:16:10 [INFO]   reduced: (0, 0)
21:16:10 [INFO] d (14, 12) -> (14, 13)
21:16:10 [INFO]   size:    (0, 0)
21:16:10 [INFO]   reduced: (0, 0)
21:16:10 [INFO] d (14, 13) -> (14, 14)
21:16:10 [INFO]   size:    (0, 0)
21:16:10 [INFO]   reduced: (0, 0)
21:16:10 [INFO] d (14, 14) -> (14, 15)
21:16:10 [INFO]   size:    (0, 0)
21:16:10 [INFO]   reduced: (0, 0)
21:16:10 [INFO] d (14, 15) -> (14, 16)
21:16:10 [INFO]   size:    (0, 0)
21:16:10 [INFO]   reduced: (0, 0)
21:16:10 [INFO] d (14, 16) -> (14, 17)
21:16:10 [INFO]   size:    (0, 0)
21:16:10 [INFO]   reduced: (0, 0)
21:16:10 [INFO] d (15, 9) -> (15, 10)
21:16:10 [INFO]   size:    (1, 0)
21:16:10 [INFO]   reduced: (1, 0)
21:16:10 [INFO] d (15, 10) -> (15, 11)
21:16:10 [INFO]   size:    (20, 1)
21:16:10 [INFO]   reduced: (19, 0)
21:16:10 [INFO] d (15, 11) -> (15, 12)
21:16:10 [INFO]   size:    (113, 19)
21:16:10 [INFO]   reduced: (94, 0)
21:16:10 [INFO] d (15, 12) -> (15, 13)
21:16:10 [INFO]   size:    (275, 94)
21:16:10 [INFO]   reduced: (181, 0)
21:16:10 [INFO] d (15, 13) -> (15, 14)
21:16:10 [INFO]   size:    (324, 181)
21:16:10 [INFO]   reduced: (143, 0)
21:16:10 [INFO] d (15, 14) -> (15, 15)
21:16:10 [INFO]   size:    (181, 143)
21:16:10 [INFO]   reduced: (38, 0)
21:16:10 [INFO] d (15, 15) -> (15, 16)
21:16:10 [INFO]   size:    (38, 38)
21:16:10 [INFO]   reduced: (0, 0)
21:16:10 [INFO] d (15, 16) -> (15, 17)
21:16:10 [INFO]   size:    (0, 0)
21:16:10 [INFO]   reduced: (0, 0)
21:16:10 [INFO] d (16, 9) -> (16, 10)
21:16:10 [INFO]   size:    (1805, 220)
21:16:10 [INFO]   reduced: (1585, 0)
21:16:10 [INFO] d (16, 10) -> (16, 11)
21:16:10 [INFO]   size:    (6032, 1585)
21:16:10 [INFO]   reduced: (4447, 0)
21:16:10 [INFO] d (16, 11) -> (16, 12)
21:16:11 [INFO]   size:    (10673, 4447)
21:16:11 [INFO]   reduced: (6226, 0)
21:16:11 [INFO] d (16, 12) -> (16, 13)
21:16:11 [INFO]   size:    (10835, 6226)
21:16:11 [INFO]   reduced: (4609, 0)
21:16:11 [INFO] d (16, 13) -> (16, 14)
21:16:11 [INFO]   size:    (6336, 4609)
21:16:11 [INFO]   reduced: (1727, 0)
21:16:11 [INFO] d (16, 14) -> (16, 15)
21:16:11 [INFO]   size:    (1985, 1727)
21:16:11 [INFO]   reduced: (258, 0)
21:16:11 [INFO] d (16, 15) -> (16, 16)
21:16:11 [INFO]   size:    (258, 258)
21:16:11 [INFO]   reduced: (0, 0)
21:16:11 [INFO] d (16, 16) -> (16, 17)
21:16:11 [INFO]   size:    (0, 0)
21:16:11 [INFO]   reduced: (0, 0)
21:16:11 [INFO] reduced C (q: -29)
 v\h  13  14  15  16 
 16   .   .   .   . 
 15   .   .   .   . 
 14   .   .   .   . 
 13   .   .   .   . 
 12   .   .   .   . 
 11   .   .   .   . 
 10   .   .   .   . 
 9    .   .   .   . 

21:16:11 [INFO] H (q: -29)..
21:16:11 [INFO] H (q: -29)
 v\h  13  14  15  16 
 16   .   .   .   . 
 15   .   .   .   . 
 14   .   .   .   . 
 13   .   .   .   . 
 12   .   .   .   . 
 11   .   .   .   . 
 10   .   .   .   . 
 9    .   .   .   . 

21:16:11 [INFO] save: /lustre1/home/taketo.sano/yui-kr/tmp/11a_237_result.json
21:16:11 [INFO] - - - - - - - - - - - - - - - -
21:16:11 [INFO] (5/11) q: -28
21:16:11 [INFO] C (q: -28, range: (12..=16, 7..=16))..
21:16:11 [INFO] setup cube..
21:16:15 [INFO] setup summands..
21:16:16 [INFO] C (q: -28)
 v\h  12  13  14  15     16 
 16   .   .   Q³  Q²²⁸   Q⁷²⁰ 
 15   .   .   Q⁸  Q¹³⁹¹  Q⁶²²³ 
 14   .   .   Q⁷  Q³³⁵³  Q²²⁸⁸² 
 13   .   .   Q²  Q⁴⁰⁹⁸  Q⁴⁶⁶⁴⁸ 
 12   .   .   .   Q²⁷¹⁶  Q⁵⁷⁴³⁹ 
 11   .   .   .   Q⁹⁶⁴   Q⁴³⁵¹⁶ 
 10   .   .   .   Q¹⁶⁶   Q¹⁹⁷⁰² 
 9    .   .   .   Q¹⁰    Q⁴⁸⁵⁰ 
 8    .   .   .   .      Q⁴⁹⁵ 
 7    .   .   .   .      . 

21:16:16 [INFO] reduce C_tot (q: -28)..
21:16:16 [INFO] d (12, 7) -> (12, 8)
21:16:16 [INFO]   size:    (0, 0)
21:16:16 [INFO]   reduced: (0, 0)
21:16:16 [INFO] d (12, 8) -> (12, 9)
21:16:16 [INFO]   size:    (0, 0)
21:16:16 [INFO]   reduced: (0, 0)
21:16:16 [INFO] d (12, 9) -> (12, 10)
21:16:16 [INFO]   size:    (0, 0)
21:16:16 [INFO]   reduced: (0, 0)
21:16:16 [INFO] d (12, 10) -> (12, 11)
21:16:16 [INFO]   size:    (0, 0)
21:16:16 [INFO]   reduced: (0, 0)
21:16:16 [INFO] d (12, 11) -> (12, 12)
21:16:16 [INFO]   size:    (0, 0)
21:16:16 [INFO]   reduced: (0, 0)
21:16:16 [INFO] d (12, 12) -> (12, 13)
21:16:16 [INFO]   size:    (0, 0)
21:16:16 [INFO]   reduced: (0, 0)
21:16:16 [INFO] d (12, 13) -> (12, 14)
21:16:16 [INFO]   size:    (0, 0)
21:16:16 [INFO]   reduced: (0, 0)
21:16:16 [INFO] d (12, 14) -> (12, 15)
21:16:16 [INFO]   size:    (0, 0)
21:16:16 [INFO]   reduced: (0, 0)
21:16:16 [INFO] d (12, 15) -> (12, 16)
21:16:16 [INFO]   size:    (0, 0)
21:16:16 [INFO]   reduced: (0, 0)
21:16:16 [INFO] d (12, 16) -> (12, 17)
21:16:16 [INFO]   size:    (0, 0)
21:16:16 [INFO]   reduced: (0, 0)
21:16:16 [INFO] d (13, 7) -> (13, 8)
21:16:16 [INFO]   size:    (0, 0)
21:16:16 [INFO]   reduced: (0, 0)
21:16:16 [INFO] d (13, 8) -> (13, 9)
21:16:16 [INFO]   size:    (0, 0)
21:16:16 [INFO]   reduced: (0, 0)
21:16:16 [INFO] d (13, 9) -> (13, 10)
21:16:16 [INFO]   size:    (0, 0)
21:16:16 [INFO]   reduced: (0, 0)
21:16:16 [INFO] d (13, 10) -> (13, 11)
21:16:16 [INFO]   size:    (0, 0)
21:16:16 [INFO]   reduced: (0, 0)
21:16:16 [INFO] d (13, 11) -> (13, 12)
21:16:16 [INFO]   size:    (0, 0)
21:16:16 [INFO]   reduced: (0, 0)
21:16:16 [INFO] d (13, 12) -> (13, 13)
21:16:16 [INFO]   size:    (0, 0)
21:16:16 [INFO]   reduced: (0, 0)
21:16:16 [INFO] d (13, 13) -> (13, 14)
21:16:16 [INFO]   size:    (0, 0)
21:16:16 [INFO]   reduced: (0, 0)
21:16:16 [INFO] d (13, 14) -> (13, 15)
21:16:16 [INFO]   size:    (0, 0)
21:16:16 [INFO]   reduced: (0, 0)
21:16:16 [INFO] d (13, 15) -> (13, 16)
21:16:16 [INFO]   size:    (0, 0)
21:16:16 [INFO]   reduced: (0, 0)
21:16:16 [INFO] d (13, 16) -> (13, 17)
21:16:16 [INFO]   size:    (0, 0)
21:16:16 [INFO]   reduced: (0, 0)
21:16:16 [INFO] d (14, 7) -> (14, 8)
21:16:16 [INFO]   size:    (0, 0)
21:16:16 [INFO]   reduced: (0, 0)
21:16:16 [INFO] d (14, 8) -> (14, 9)
21:16:16 [INFO]   size:    (0, 0)
21:16:16 [INFO]   reduced: (0, 0)
21:16:16 [INFO] d (14, 9) -> (14, 10)
21:16:16 [INFO]   size:    (0, 0)
21:16:16 [INFO]   reduced: (0, 0)
21:16:16 [INFO] d (14, 10) -> (14, 11)
21:16:16 [INFO]   size:    (0, 0)
21:16:16 [INFO]   reduced: (0, 0)
21:16:16 [INFO] d (14, 11) -> (14, 12)
21:16:16 [INFO]   size:    (0, 0)
21:16:16 [INFO]   reduced: (0, 0)
21:16:16 [INFO] d (14, 12) -> (14, 13)
21:16:16 [INFO]   size:    (2, 0)
21:16:16 [INFO]   reduced: (2, 0)
21:16:16 [INFO] d (14, 13) -> (14, 14)
21:16:16 [INFO]   size:    (7, 2)
21:16:16 [INFO]   reduced: (5, 0)
21:16:16 [INFO] d (14, 14) -> (14, 15)
21:16:16 [INFO]   size:    (8, 5)
21:16:16 [INFO]   reduced: (3, 0)
21:16:16 [INFO] d (14, 15) -> (14, 16)
21:16:16 [INFO]   size:    (3, 3)
21:16:16 [INFO]   reduced: (0, 0)
21:16:16 [INFO] d (14, 16) -> (14, 17)
21:16:16 [INFO]   size:    (0, 0)
21:16:16 [INFO]   reduced: (0, 0)
21:16:16 [INFO] d (15, 7) -> (15, 8)
21:16:16 [INFO]   size:    (0, 0)
21:16:16 [INFO]   reduced: (0, 0)
21:16:16 [INFO] d (15, 8) -> (15, 9)
21:16:16 [INFO]   size:    (10, 0)
21:16:16 [INFO]   reduced: (10, 0)
21:16:16 [INFO] d (15, 9) -> (15, 10)
21:16:16 [INFO]   size:    (166, 10)
21:16:16 [INFO]   reduced: (156, 0)
21:16:16 [INFO] d (15, 10) -> (15, 11)
21:16:16 [INFO]   size:    (964, 156)
21:16:16 [INFO]   reduced: (808, 0)
21:16:16 [INFO] d (15, 11) -> (15, 12)
21:16:16 [INFO]   size:    (2716, 808)
21:16:16 [INFO]   reduced: (1908, 0)
21:16:16 [INFO] d (15, 12) -> (15, 13)
21:16:16 [INFO]   size:    (4098, 1908)
21:16:16 [INFO]   reduced: (2190, 0)
21:16:16 [INFO] d (15, 13) -> (15, 14)
21:16:16 [INFO]   size:    (3353, 2190)
21:16:16 [INFO]   reduced: (1163, 0)
21:16:16 [INFO] d (15, 14) -> (15, 15)
21:16:16 [INFO]   size:    (1391, 1163)
21:16:16 [INFO]   reduced: (228, 0)
21:16:16 [INFO] d (15, 15) -> (15, 16)
21:16:16 [INFO]   size:    (228, 228)
21:16:16 [INFO]   reduced: (0, 0)
21:16:16 [INFO] d (15, 16) -> (15, 17)
21:16:16 [INFO]   size:    (0, 0)
21:16:16 [INFO]   reduced: (0, 0)
21:16:16 [INFO] d (16, 7) -> (16, 8)
21:16:16 [INFO]   size:    (495, 0)
21:16:16 [INFO]   reduced: (495, 0)
21:16:16 [INFO] d (16, 8) -> (16, 9)
21:16:16 [INFO]   size:    (4850, 495)
21:16:16 [INFO]   reduced: (4355, 0)
21:16:16 [INFO] d (16, 9) -> (16, 10)
21:16:17 [INFO]   size:    (19702, 4355)
21:16:17 [INFO]   reduced: (15347, 0)
21:16:17 [INFO] d (16, 10) -> (16, 11)
21:16:19 [INFO]   size:    (43516, 15347)
21:16:19 [INFO]   reduced: (28169, 0)
21:16:19 [INFO] d (16, 11) -> (16, 12)
21:16:24 [INFO]   size:    (57439, 28169)
21:16:25 [INFO]   reduced: (29270, 0)
21:16:25 [INFO] d (16, 12) -> (16, 13)
21:16:29 [INFO]   size:    (46648, 29270)
21:16:29 [INFO]   reduced: (17379, 1)
21:16:29 [INFO] d (16, 13) -> (16, 14)
21:16:31 [INFO]   size:    (22882, 17379)
21:16:31 [INFO]   reduced: (5503, 0)
21:16:31 [INFO] d (16, 14) -> (16, 15)
21:16:31 [INFO]   size:    (6223, 5503)
21:16:31 [INFO]   reduced: (720, 0)
21:16:31 [INFO] d (16, 15) -> (16, 16)
21:16:31 [INFO]   size:    (720, 720)
21:16:31 [INFO]   reduced: (0, 0)
21:16:31 [INFO] d (16, 16) -> (16, 17)
21:16:31 [INFO]   size:    (0, 0)
21:16:31 [INFO]   reduced: (0, 0)
21:16:31 [INFO] reduced C (q: -28)
 v\h  12  13  14  15  16 
 16   .   .   .   .   . 
 15   .   .   .   .   . 
 14   .   .   .   .   . 
 13   .   .   .   .   . 
 12   .   .   .   .   Q 
 11   .   .   .   .   . 
 10   .   .   .   .   . 
 9    .   .   .   .   . 
 8    .   .   .   .   . 
 7    .   .   .   .   . 

21:16:32 [INFO] H (q: -28)..
21:16:32 [INFO] H (q: -28)
 v\h  12  13  14  15  16 
 16   .   .   .   .   . 
 15   .   .   .   .   . 
 14   .   .   .   .   . 
 13   .   .   .   .   . 
 12   .   .   .   .   Q 
 11   .   .   .   .   . 
 10   .   .   .   .   . 
 9    .   .   .   .   . 
 8    .   .   .   .   . 
 7    .   .   .   .   . 

21:16:32 [INFO] save: /lustre1/home/taketo.sano/yui-kr/tmp/11a_237_result.json
21:16:32 [INFO] - - - - - - - - - - - - - - - -
21:16:32 [INFO] (6/11) q: -27
21:16:32 [INFO] C (q: -27, range: (12..=16, 5..=16))..
21:16:32 [INFO] setup cube..
21:16:44 [INFO] setup summands..
21:16:49 [INFO] C (q: -27)
 v\h  12  13  14    15      16 
 16   .   .   Q⁴²   Q⁸⁸²    Q¹⁶³² 
 15   .   .   Q¹⁷⁷  Q⁶⁴³⁷   Q¹⁵³⁶⁸ 
 14   .   .   Q²⁶⁷  Q¹⁹³⁰²  Q⁶²⁷²⁷ 
 13   .   .   Q¹⁸⁴  Q³⁰⁸⁶⁴  Q¹⁴⁵⁶⁵² 
 12   .   .   Q⁶¹   Q²⁸⁵⁶²  Q²¹¹⁵⁹⁷ 
 11   .   .   Q¹⁰   Q¹⁵⁵⁵²  Q¹⁹⁸⁶³⁸ 
 10   .   .   Q     Q⁴⁸²⁶   Q¹¹⁹⁷⁹⁷ 
 9    .   .   .     Q⁷⁶⁷    Q⁴⁴⁴⁵⁹ 
 8    .   .   .     Q⁴⁵     Q⁹¹⁵³ 
 7    .   .   .     .       Q⁷⁹² 
 6    .   .   .     .       . 
 5    .   .   .     .       . 

21:16:49 [INFO] reduce C_tot (q: -27)..
21:16:49 [INFO] d (12, 5) -> (12, 6)
21:16:49 [INFO]   size:    (0, 0)
21:16:49 [INFO]   reduced: (0, 0)
21:16:49 [INFO] d (12, 6) -> (12, 7)
21:16:49 [INFO]   size:    (0, 0)
21:16:49 [INFO]   reduced: (0, 0)
21:16:49 [INFO] d (12, 7) -> (12, 8)
21:16:49 [INFO]   size:    (0, 0)
21:16:49 [INFO]   reduced: (0, 0)
21:16:49 [INFO] d (12, 8) -> (12, 9)
21:16:49 [INFO]   size:    (0, 0)
21:16:49 [INFO]   reduced: (0, 0)
21:16:49 [INFO] d (12, 9) -> (12, 10)
21:16:49 [INFO]   size:    (0, 0)
21:16:49 [INFO]   reduced: (0, 0)
21:16:49 [INFO] d (12, 10) -> (12, 11)
21:16:49 [INFO]   size:    (0, 0)
21:16:49 [INFO]   reduced: (0, 0)
21:16:49 [INFO] d (12, 11) -> (12, 12)
21:16:49 [INFO]   size:    (0, 0)
21:16:49 [INFO]   reduced: (0, 0)
21:16:49 [INFO] d (12, 12) -> (12, 13)
21:16:49 [INFO]   size:    (0, 0)
21:16:49 [INFO]   reduced: (0, 0)
21:16:49 [INFO] d (12, 13) -> (12, 14)
21:16:49 [INFO]   size:    (0, 0)
21:16:49 [INFO]   reduced: (0, 0)
21:16:49 [INFO] d (12, 14) -> (12, 15)
21:16:49 [INFO]   size:    (0, 0)
21:16:49 [INFO]   reduced: (0, 0)
21:16:49 [INFO] d (12, 15) -> (12, 16)
21:16:49 [INFO]   size:    (0, 0)
21:16:49 [INFO]   reduced: (0, 0)
21:16:49 [INFO] d (12, 16) -> (12, 17)
21:16:49 [INFO]   size:    (0, 0)
21:16:49 [INFO]   reduced: (0, 0)
21:16:49 [INFO] d (13, 5) -> (13, 6)
21:16:49 [INFO]   size:    (0, 0)
21:16:49 [INFO]   reduced: (0, 0)
21:16:49 [INFO] d (13, 6) -> (13, 7)
21:16:49 [INFO]   size:    (0, 0)
21:16:49 [INFO]   reduced: (0, 0)
21:16:49 [INFO] d (13, 7) -> (13, 8)
21:16:49 [INFO]   size:    (0, 0)
21:16:49 [INFO]   reduced: (0, 0)
21:16:49 [INFO] d (13, 8) -> (13, 9)
21:16:49 [INFO]   size:    (0, 0)
21:16:49 [INFO]   reduced: (0, 0)
21:16:49 [INFO] d (13, 9) -> (13, 10)
21:16:49 [INFO]   size:    (0, 0)
21:16:49 [INFO]   reduced: (0, 0)
21:16:49 [INFO] d (13, 10) -> (13, 11)
21:16:49 [INFO]   size:    (0, 0)
21:16:49 [INFO]   reduced: (0, 0)
21:16:49 [INFO] d (13, 11) -> (13, 12)
21:16:49 [INFO]   size:    (0, 0)
21:16:49 [INFO]   reduced: (0, 0)
21:16:49 [INFO] d (13, 12) -> (13, 13)
21:16:49 [INFO]   size:    (0, 0)
21:16:49 [INFO]   reduced: (0, 0)
21:16:49 [INFO] d (13, 13) -> (13, 14)
21:16:49 [INFO]   size:    (0, 0)
21:16:49 [INFO]   reduced: (0, 0)
21:16:49 [INFO] d (13, 14) -> (13, 15)
21:16:49 [INFO]   size:    (0, 0)
21:16:49 [INFO]   reduced: (0, 0)
21:16:49 [INFO] d (13, 15) -> (13, 16)
21:16:49 [INFO]   size:    (0, 0)
21:16:49 [INFO]   reduced: (0, 0)
21:16:49 [INFO] d (13, 16) -> (13, 17)
21:16:49 [INFO]   size:    (0, 0)
21:16:49 [INFO]   reduced: (0, 0)
21:16:49 [INFO] d (14, 5) -> (14, 6)
21:16:49 [INFO]   size:    (0, 0)
21:16:49 [INFO]   reduced: (0, 0)
21:16:49 [INFO] d (14, 6) -> (14, 7)
21:16:49 [INFO]   size:    (0, 0)
21:16:49 [INFO]   reduced: (0, 0)
21:16:49 [INFO] d (14, 7) -> (14, 8)
21:16:49 [INFO]   size:    (0, 0)
21:16:49 [INFO]   reduced: (0, 0)
21:16:49 [INFO] d (14, 8) -> (14, 9)
21:16:49 [INFO]   size:    (0, 0)
21:16:49 [INFO]   reduced: (0, 0)
21:16:49 [INFO] d (14, 9) -> (14, 10)
21:16:49 [INFO]   size:    (1, 0)
21:16:49 [INFO]   reduced: (1, 0)
21:16:49 [INFO] d (14, 10) -> (14, 11)
21:16:49 [INFO]   size:    (10, 1)
21:16:49 [INFO]   reduced: (9, 0)
21:16:49 [INFO] d (14, 11) -> (14, 12)
21:16:49 [INFO]   size:    (61, 9)
21:16:49 [INFO]   reduced: (52, 0)
21:16:49 [INFO] d (14, 12) -> (14, 13)
21:16:49 [INFO]   size:    (184, 52)
21:16:49 [INFO]   reduced: (132, 0)
21:16:49 [INFO] d (14, 13) -> (14, 14)
21:16:49 [INFO]   size:    (267, 132)
21:16:49 [INFO]   reduced: (135, 0)
21:16:49 [INFO] d (14, 14) -> (14, 15)
21:16:49 [INFO]   size:    (177, 135)
21:16:49 [INFO]   reduced: (42, 0)
21:16:49 [INFO] d (14, 15) -> (14, 16)
21:16:49 [INFO]   size:    (42, 42)
21:16:49 [INFO]   reduced: (0, 0)
21:16:49 [INFO] d (14, 16) -> (14, 17)
21:16:49 [INFO]   size:    (0, 0)
21:16:49 [INFO]   reduced: (0, 0)
21:16:49 [INFO] d (15, 5) -> (15, 6)
21:16:49 [INFO]   size:    (0, 0)
21:16:49 [INFO]   reduced: (0, 0)
21:16:49 [INFO] d (15, 6) -> (15, 7)
21:16:49 [INFO]   size:    (0, 0)
21:16:49 [INFO]   reduced: (0, 0)
21:16:49 [INFO] d (15, 7) -> (15, 8)
21:16:49 [INFO]   size:    (45, 0)
21:16:49 [INFO]   reduced: (45, 0)
21:16:49 [INFO] d (15, 8) -> (15, 9)
21:16:49 [INFO]   size:    (767, 45)
21:16:49 [INFO]   reduced: (722, 0)
21:16:49 [INFO] d (15, 9) -> (15, 10)
21:16:50 [INFO]   size:    (4826, 722)
21:16:50 [INFO]   reduced: (4104, 0)
21:16:50 [INFO] d (15, 10) -> (15, 11)
21:16:50 [INFO]   size:    (15552, 4104)
21:16:50 [INFO]   reduced: (11448, 0)
21:16:50 [INFO] d (15, 11) -> (15, 12)
21:16:52 [INFO]   size:    (28562, 11448)
21:16:53 [INFO]   reduced: (17114, 0)
21:16:53 [INFO] d (15, 12) -> (15, 13)
21:16:56 [INFO]   size:    (30864, 17114)
21:16:57 [INFO]   reduced: (13750, 0)
21:16:57 [INFO] d (15, 13) -> (15, 14)
21:16:58 [INFO]   size:    (19302, 13750)
21:16:59 [INFO]   reduced: (5555, 3)
21:16:59 [INFO] d (15, 14) -> (15, 15)
21:16:59 [INFO]   size:    (6437, 5555)
21:16:59 [INFO]   reduced: (882, 0)
21:16:59 [INFO] d (15, 15) -> (15, 16)
21:16:59 [INFO]   size:    (882, 882)
21:16:59 [INFO]   reduced: (0, 0)
21:16:59 [INFO] d (15, 16) -> (15, 17)
21:16:59 [INFO]   size:    (0, 0)
21:16:59 [INFO]   reduced: (0, 0)
21:16:59 [INFO] d (16, 5) -> (16, 6)
21:16:59 [INFO]   size:    (0, 0)
21:16:59 [INFO]   reduced: (0, 0)
21:16:59 [INFO] d (16, 6) -> (16, 7)
21:16:59 [INFO]   size:    (792, 0)
21:16:59 [INFO]   reduced: (792, 0)
21:16:59 [INFO] d (16, 7) -> (16, 8)
21:16:59 [INFO]   size:    (9153, 792)
21:16:59 [INFO]   reduced: (8361, 0)
21:16:59 [INFO] d (16, 8) -> (16, 9)
21:17:01 [INFO]   size:    (44459, 8361)
21:17:02 [INFO]   reduced: (36098, 0)
21:17:02 [INFO] d (16, 9) -> (16, 10)
21:17:14 [INFO]   size:    (119797, 36098)
21:17:16 [INFO]   reduced: (83699, 0)
21:17:16 [INFO] d (16, 10) -> (16, 11)
21:18:06 [INFO]   size:    (198638, 83699)
21:18:10 [INFO]   reduced: (114939, 0)
21:18:10 [INFO] d (16, 11) -> (16, 12)
21:19:33 [INFO]   size:    (211597, 114939)
21:19:38 [INFO]   reduced: (96661, 3)
21:19:38 [INFO] d (16, 12) -> (16, 13)
21:20:31 [INFO]   size:    (145652, 96661)
21:20:34 [INFO]   reduced: (48991, 0)
21:20:34 [INFO] d (16, 13) -> (16, 14)
21:20:47 [INFO]   size:    (62727, 48991)
21:20:48 [INFO]   reduced: (13736, 0)
21:20:48 [INFO] d (16, 14) -> (16, 15)
21:20:49 [INFO]   size:    (15368, 13736)
21:20:49 [INFO]   reduced: (1632, 0)
21:20:49 [INFO] d (16, 15) -> (16, 16)
21:20:49 [INFO]   size:    (1632, 1632)
21:20:49 [INFO]   reduced: (0, 0)
21:20:49 [INFO] d (16, 16) -> (16, 17)
21:20:49 [INFO]   size:    (0, 0)
21:20:49 [INFO]   reduced: (0, 0)
21:20:49 [INFO] reduced C (q: -27)
 v\h  12  13  14  15  16 
 16   .   .   .   .   . 
 15   .   .   .   .   . 
 14   .   .   .   .   . 
 13   .   .   .   Q³  . 
 12   .   .   .   .   . 
 11   .   .   .   .   Q³ 
 10   .   .   .   .   . 
 9    .   .   .   .   . 
 8    .   .   .   .   . 
 7    .   .   .   .   . 
 6    .   .   .   .   . 
 5    .   .   .   .   . 

21:20:54 [INFO] H (q: -27)..
21:20:54 [INFO] H (q: -27)
 v\h  12  13  14  15  16 
 16   .   .   .   .   . 
 15   .   .   .   .   . 
 14   .   .   .   .   . 
 13   .   .   .   Q³  . 
 12   .   .   .   .   . 
 11   .   .   .   .   Q³ 
 10   .   .   .   .   . 
 9    .   .   .   .   . 
 8    .   .   .   .   . 
 7    .   .   .   .   . 
 6    .   .   .   .   . 
 5    .   .   .   .   . 

21:20:54 [INFO] save: /lustre1/home/taketo.sano/yui-kr/tmp/11a_237_result.json
21:20:54 [INFO] - - - - - - - - - - - - - - - -
21:20:54 [INFO] (7/11) q: -26
21:20:54 [INFO] C (q: -26, range: (12..=16, 3..=16))..
21:20:54 [INFO] setup cube..
21:22:15 [INFO] setup summands..
21:22:57 [INFO] C (q: -26)
 v\h  12  13  14     15       16 
 16   .   Q   Q²⁷⁰   Q²⁵²⁹    Q³¹⁸⁴ 
 15   .   Q²  Q¹⁵²⁵  Q²¹⁰⁴³   Q³¹⁹²⁸ 
 14   .   Q   Q³³²¹  Q⁷⁴⁰⁵⁸   Q¹⁴⁰⁶³² 
 13   .   .   Q³⁶¹⁴  Q¹⁴⁴³²⁰  Q³⁵⁸⁹⁹⁰ 
 12   .   .   Q²¹⁵⁰  Q¹⁷⁰⁷⁰⁴  Q⁵⁸⁸¹³⁸ 
 11   .   .   Q⁷²²   Q¹²⁶¹⁹¹  Q⁶⁴⁴⁸⁸⁹ 
 10   .   .   Q¹³⁵   Q⁵⁷⁸⁴⁴   Q⁴⁷⁷²⁹³ 
 9    .   .   Q¹²    Q¹⁵⁶⁹²   Q²³³⁹⁶⁴ 
 8    .   .   .      Q²²³⁸    Q⁷²¹³² 
 7    .   .   .      Q¹²⁰     Q¹²⁵²⁸ 
 6    .   .   .      .        Q⁹²⁴ 
 5    .   .   .      .        . 
 4    .   .   .      .        . 
 3    .   .   .      .        . 

21:22:57 [INFO] reduce C_tot (q: -26)..
21:22:57 [INFO] d (12, 3) -> (12, 4)
21:22:57 [INFO]   size:    (0, 0)
21:22:57 [INFO]   reduced: (0, 0)
21:22:57 [INFO] d (12, 4) -> (12, 5)
21:22:57 [INFO]   size:    (0, 0)
21:22:57 [INFO]   reduced: (0, 0)
21:22:57 [INFO] d (12, 5) -> (12, 6)
21:22:57 [INFO]   size:    (0, 0)
21:22:57 [INFO]   reduced: (0, 0)
21:22:57 [INFO] d (12, 6) -> (12, 7)
21:22:57 [INFO]   size:    (0, 0)
21:22:57 [INFO]   reduced: (0, 0)
21:22:57 [INFO] d (12, 7) -> (12, 8)
21:22:57 [INFO]   size:    (0, 0)
21:22:57 [INFO]   reduced: (0, 0)
21:22:57 [INFO] d (12, 8) -> (12, 9)
21:22:57 [INFO]   size:    (0, 0)
21:22:57 [INFO]   reduced: (0, 0)
21:22:57 [INFO] d (12, 9) -> (12, 10)
21:22:57 [INFO]   size:    (0, 0)
21:22:57 [INFO]   reduced: (0, 0)
21:22:57 [INFO] d (12, 10) -> (12, 11)
21:22:57 [INFO]   size:    (0, 0)
21:22:57 [INFO]   reduced: (0, 0)
21:22:57 [INFO] d (12, 11) -> (12, 12)
21:22:57 [INFO]   size:    (0, 0)
21:22:57 [INFO]   reduced: (0, 0)
21:22:57 [INFO] d (12, 12) -> (12, 13)
21:22:57 [INFO]   size:    (0, 0)
21:22:57 [INFO]   reduced: (0, 0)
21:22:57 [INFO] d (12, 13) -> (12, 14)
21:22:57 [INFO]   size:    (0, 0)
21:22:57 [INFO]   reduced: (0, 0)
21:22:57 [INFO] d (12, 14) -> (12, 15)
21:22:57 [INFO]   size:    (0, 0)
21:22:57 [INFO]   reduced: (0, 0)
21:22:57 [INFO] d (12, 15) -> (12, 16)
21:22:57 [INFO]   size:    (0, 0)
21:22:57 [INFO]   reduced: (0, 0)
21:22:57 [INFO] d (12, 16) -> (12, 17)
21:22:57 [INFO]   size:    (0, 0)
21:22:57 [INFO]   reduced: (0, 0)
21:22:57 [INFO] d (13, 3) -> (13, 4)
21:22:57 [INFO]   size:    (0, 0)
21:22:57 [INFO]   reduced: (0, 0)
21:22:57 [INFO] d (13, 4) -> (13, 5)
21:22:57 [INFO]   size:    (0, 0)
21:22:57 [INFO]   reduced: (0, 0)
21:22:57 [INFO] d (13, 5) -> (13, 6)
21:22:57 [INFO]   size:    (0, 0)
21:22:57 [INFO]   reduced: (0, 0)
21:22:57 [INFO] d (13, 6) -> (13, 7)
21:22:57 [INFO]   size:    (0, 0)
21:22:57 [INFO]   reduced: (0, 0)
21:22:57 [INFO] d (13, 7) -> (13, 8)
21:22:57 [INFO]   size:    (0, 0)
21:22:57 [INFO]   reduced: (0, 0)
21:22:57 [INFO] d (13, 8) -> (13, 9)
21:22:57 [INFO]   size:    (0, 0)
21:22:57 [INFO]   reduced: (0, 0)
21:22:57 [INFO] d (13, 9) -> (13, 10)
21:22:57 [INFO]   size:    (0, 0)
21:22:57 [INFO]   reduced: (0, 0)
21:22:57 [INFO] d (13, 10) -> (13, 11)
21:22:57 [INFO]   size:    (0, 0)
21:22:57 [INFO]   reduced: (0, 0)
21:22:57 [INFO] d (13, 11) -> (13, 12)
21:22:57 [INFO]   size:    (0, 0)
21:22:57 [INFO]   reduced: (0, 0)
21:22:57 [INFO] d (13, 12) -> (13, 13)
21:22:57 [INFO]   size:    (0, 0)
21:22:57 [INFO]   reduced: (0, 0)
21:22:57 [INFO] d (13, 13) -> (13, 14)
21:22:57 [INFO]   size:    (1, 0)
21:22:57 [INFO]   reduced: (1, 0)
21:22:57 [INFO] d (13, 14) -> (13, 15)
21:22:57 [INFO]   size:    (2, 1)
21:22:57 [INFO]   reduced: (1, 0)
21:22:57 [INFO] d (13, 15) -> (13, 16)
21:22:57 [INFO]   size:    (1, 1)
21:22:57 [INFO]   reduced: (0, 0)
21:22:57 [INFO] d (13, 16) -> (13, 17)
21:22:57 [INFO]   size:    (0, 0)
21:22:57 [INFO]   reduced: (0, 0)
21:22:57 [INFO] d (14, 3) -> (14, 4)
21:22:57 [INFO]   size:    (0, 0)
21:22:57 [INFO]   reduced: (0, 0)
21:22:57 [INFO] d (14, 4) -> (14, 5)
21:22:57 [INFO]   size:    (0, 0)
21:22:57 [INFO]   reduced: (0, 0)
21:22:57 [INFO] d (14, 5) -> (14, 6)
21:22:57 [INFO]   size:    (0, 0)
21:22:57 [INFO]   reduced: (0, 0)
21:22:57 [INFO] d (14, 6) -> (14, 7)
21:22:57 [INFO]   size:    (0, 0)
21:22:57 [INFO]   reduced: (0, 0)
21:22:57 [INFO] d (14, 7) -> (14, 8)
21:22:57 [INFO]   size:    (0, 0)
21:22:57 [INFO]   reduced: (0, 0)
21:22:57 [INFO] d (14, 8) -> (14, 9)
21:22:57 [INFO]   size:    (12, 0)
21:22:57 [INFO]   reduced: (12, 0)
21:22:57 [INFO] d (14, 9) -> (14, 10)
21:22:57 [INFO]   size:    (135, 12)
21:22:57 [INFO]   reduced: (123, 0)
21:22:57 [INFO] d (14, 10) -> (14, 11)
21:22:57 [INFO]   size:    (722, 123)
21:22:57 [INFO]   reduced: (599, 0)
21:22:57 [INFO] d (14, 11) -> (14, 12)
21:22:57 [INFO]   size:    (2150, 599)
21:22:57 [INFO]   reduced: (1551, 0)
21:22:57 [INFO] d (14, 12) -> (14, 13)
21:22:58 [INFO]   size:    (3614, 1551)
21:22:58 [INFO]   reduced: (2063, 0)
21:22:58 [INFO] d (14, 13) -> (14, 14)
21:22:58 [INFO]   size:    (3321, 2063)
21:22:58 [INFO]   reduced: (1258, 0)
21:22:58 [INFO] d (14, 14) -> (14, 15)
21:22:58 [INFO]   size:    (1525, 1258)
21:22:58 [INFO]   reduced: (270, 3)
21:22:58 [INFO] d (14, 15) -> (14, 16)
21:22:58 [INFO]   size:    (270, 270)
21:22:58 [INFO]   reduced: (0, 0)
21:22:58 [INFO] d (14, 16) -> (14, 17)
21:22:58 [INFO]   size:    (0, 0)
21:22:58 [INFO]   reduced: (0, 0)
21:22:58 [INFO] d (15, 3) -> (15, 4)
21:22:58 [INFO]   size:    (0, 0)
21:22:58 [INFO]   reduced: (0, 0)
21:22:58 [INFO] d (15, 4) -> (15, 5)
21:22:58 [INFO]   size:    (0, 0)
21:22:58 [INFO]   reduced: (0, 0)
21:22:58 [INFO] d (15, 5) -> (15, 6)
21:22:58 [INFO]   size:    (0, 0)
21:22:58 [INFO]   reduced: (0, 0)
21:22:58 [INFO] d (15, 6) -> (15, 7)
21:22:58 [INFO]   size:    (120, 0)
21:22:58 [INFO]   reduced: (120, 0)
21:22:58 [INFO] d (15, 7) -> (15, 8)
21:22:58 [INFO]   size:    (2238, 120)
21:22:58 [INFO]   reduced: (2118, 0)
21:22:58 [INFO] d (15, 8) -> (15, 9)
21:22:59 [INFO]   size:    (15692, 2118)
21:22:59 [INFO]   reduced: (13574, 0)
21:22:59 [INFO] d (15, 9) -> (15, 10)
21:23:05 [INFO]   size:    (57844, 13574)
21:23:05 [INFO]   reduced: (44270, 0)
21:23:05 [INFO] d (15, 10) -> (15, 11)
21:23:41 [INFO]   size:    (126191, 44270)
21:23:44 [INFO]   reduced: (81921, 0)
21:23:44 [INFO] d (15, 11) -> (15, 12)
21:25:30 [INFO]   size:    (170704, 81921)
21:25:42 [INFO]   reduced: (88783, 0)
21:25:42 [INFO] d (15, 12) -> (15, 13)
21:27:40 [INFO]   size:    (144320, 88783)
21:28:06 [INFO]   reduced: (55544, 7)
21:28:06 [INFO] d (15, 13) -> (15, 14)
21:28:55 [INFO]   size:    (74058, 55544)
21:29:03 [INFO]   reduced: (18514, 0)
21:29:03 [INFO] d (15, 14) -> (15, 15)
21:29:09 [INFO]   size:    (21043, 18514)
21:29:10 [INFO]   reduced: (2529, 0)
21:29:10 [INFO] d (15, 15) -> (15, 16)
21:29:10 [INFO]   size:    (2529, 2529)
21:29:10 [INFO]   reduced: (0, 0)
21:29:10 [INFO] d (15, 16) -> (15, 17)
21:29:10 [INFO]   size:    (0, 0)
21:29:10 [INFO]   reduced: (0, 0)
21:29:10 [INFO] d (16, 3) -> (16, 4)
21:29:10 [INFO]   size:    (0, 0)
21:29:10 [INFO]   reduced: (0, 0)
21:29:10 [INFO] d (16, 4) -> (16, 5)
21:29:10 [INFO]   size:    (0, 0)
21:29:10 [INFO]   reduced: (0, 0)
21:29:10 [INFO] d (16, 5) -> (16, 6)
21:29:10 [INFO]   size:    (924, 0)
21:29:10 [INFO]   reduced: (924, 0)
21:29:10 [INFO] d (16, 6) -> (16, 7)
21:29:10 [INFO]   size:    (12528, 924)
21:29:10 [INFO]   reduced: (11604, 0)
21:29:10 [INFO] d (16, 7) -> (16, 8)
21:29:14 [INFO]   size:    (72132, 11604)
21:29:15 [INFO]   reduced: (60528, 0)
21:29:15 [INFO] d (16, 8) -> (16, 9)
21:30:03 [INFO]   size:    (233964, 60528)
21:30:06 [INFO]   reduced: (173436, 0)
21:30:06 [INFO] d (16, 9) -> (16, 10)
21:34:36 [INFO]   size:    (477293, 173436)
21:34:49 [INFO]   reduced: (303857, 0)
21:34:49 [INFO] d (16, 10) -> (16, 11)
21:47:16 [INFO]   size:    (644889, 303857)
21:47:35 [INFO]   reduced: (341036, 4)
21:47:35 [INFO] d (16, 11) -> (16, 12)
22:02:43 [INFO]   size:    (588138, 341036)
22:03:03 [INFO]   reduced: (247102, 0)
22:03:03 [INFO] d (16, 12) -> (16, 13)
22:10:57 [INFO]   size:    (358990, 247102)
22:11:07 [INFO]   reduced: (111888, 0)
22:11:07 [INFO] d (16, 13) -> (16, 14)
22:13:01 [INFO]   size:    (140632, 111888)
22:13:04 [INFO]   reduced: (28744, 0)
22:13:04 [INFO] d (16, 14) -> (16, 15)
22:13:13 [INFO]   size:    (31928, 28744)
22:13:14 [INFO]   reduced: (3184, 0)
22:13:14 [INFO] d (16, 15) -> (16, 16)
22:13:14 [INFO]   size:    (3184, 3184)
22:13:14 [INFO]   reduced: (0, 0)
22:13:14 [INFO] d (16, 16) -> (16, 17)
22:13:14 [INFO]   size:    (0, 0)
22:13:14 [INFO]   reduced: (0, 0)
22:13:14 [INFO] reduced C (q: -26)
 v\h  12  13  14  15  16 
 16   .   .   .   .   . 
 15   .   .   .   .   . 
 14   .   .   Q³  .   . 
 13   .   .   .   .   . 
 12   .   .   .   Q⁷  . 
 11   .   .   .   .   . 
 10   .   .   .   .   Q⁴ 
 9    .   .   .   .   . 
 8    .   .   .   .   . 
 7    .   .   .   .   . 
 6    .   .   .   .   . 
 5    .   .   .   .   . 
 4    .   .   .   .   . 
 3    .   .   .   .   . 

22:13:37 [INFO] H (q: -26)..
22:13:37 [INFO] H (q: -26)
 v\h  12  13  14  15  16 
 16   .   .   .   .   . 
 15   .   .   .   .   . 
 14   .   .   Q³  .   . 
 13   .   .   .   .   . 
 12   .   .   .   Q⁷  . 
 11   .   .   .   .   . 
 10   .   .   .   .   Q⁴ 
 9    .   .   .   .   . 
 8    .   .   .   .   . 
 7    .   .   .   .   . 
 6    .   .   .   .   . 
 5    .   .   .   .   . 
 4    .   .   .   .   . 
 3    .   .   .   .   . 

22:13:37 [INFO] save: /lustre1/home/taketo.sano/yui-kr/tmp/11a_237_result.json
22:13:37 [INFO] - - - - - - - - - - - - - - - -
22:13:37 [INFO] (8/11) q: -25
22:13:37 [INFO] C (q: -25, range: (12..=15, 3..=16))..
22:13:37 [INFO] setup cube..
22:21:17 [INFO] setup summands..
22:26:49 [INFO] C (q: -25)
 v\h  12  13   14      15 
 16   .   Q¹⁸  Q¹⁰⁹⁸   Q⁵⁸⁵⁶ 
 15   .   Q⁶⁷  Q⁷⁶⁰⁵   Q⁵³⁶¹⁸ 
 14   .   Q⁸²  Q²¹³⁵⁶  Q²¹²⁰⁵⁰ 
 13   .   Q⁴⁵  Q³¹⁸⁰⁷  Q⁴⁷⁷³²⁴ 
 12   .   Q¹³  Q²⁷⁵⁸⁰  Q⁶⁷⁵⁵⁵⁸ 
 11   .   Q²   Q¹⁴⁴³⁵  Q⁶²⁴⁸³⁸ 
 10   .   .    Q⁴⁵⁵⁵   Q³⁷⁹⁵⁴⁴ 
 9    .   .    Q⁸¹⁵    Q¹⁴⁸⁰²⁰ 
 8    .   .    Q⁶⁵     Q³⁴⁹⁷⁷ 
 7    .   .    .       Q⁴⁴⁰⁵ 
 6    .   .    .       Q²¹⁰ 
 5    .   .    .       . 
 4    .   .    .       . 
 3    .   .    .       . 

22:26:49 [INFO] reduce C_tot (q: -25)..
22:26:49 [INFO] d (12, 3) -> (12, 4)
22:26:49 [INFO]   size:    (0, 0)
22:26:49 [INFO]   reduced: (0, 0)
22:26:49 [INFO] d (12, 4) -> (12, 5)
22:26:49 [INFO]   size:    (0, 0)
22:26:49 [INFO]   reduced: (0, 0)
22:26:49 [INFO] d (12, 5) -> (12, 6)
22:26:49 [INFO]   size:    (0, 0)
22:26:49 [INFO]   reduced: (0, 0)
22:26:49 [INFO] d (12, 6) -> (12, 7)
22:26:49 [INFO]   size:    (0, 0)
22:26:49 [INFO]   reduced: (0, 0)
22:26:49 [INFO] d (12, 7) -> (12, 8)
22:26:49 [INFO]   size:    (0, 0)
22:26:49 [INFO]   reduced: (0, 0)
22:26:49 [INFO] d (12, 8) -> (12, 9)
22:26:49 [INFO]   size:    (0, 0)
22:26:49 [INFO]   reduced: (0, 0)
22:26:49 [INFO] d (12, 9) -> (12, 10)
22:26:49 [INFO]   size:    (0, 0)
22:26:49 [INFO]   reduced: (0, 0)
22:26:49 [INFO] d (12, 10) -> (12, 11)
22:26:49 [INFO]   size:    (0, 0)
22:26:49 [INFO]   reduced: (0, 0)
22:26:49 [INFO] d (12, 11) -> (12, 12)
22:26:49 [INFO]   size:    (0, 0)
22:26:49 [INFO]   reduced: (0, 0)
22:26:49 [INFO] d (12, 12) -> (12, 13)
22:26:49 [INFO]   size:    (0, 0)
22:26:49 [INFO]   reduced: (0, 0)
22:26:49 [INFO] d (12, 13) -> (12, 14)
22:26:49 [INFO]   size:    (0, 0)
22:26:49 [INFO]   reduced: (0, 0)
22:26:49 [INFO] d (12, 14) -> (12, 15)
22:26:49 [INFO]   size:    (0, 0)
22:26:49 [INFO]   reduced: (0, 0)
22:26:49 [INFO] d (12, 15) -> (12, 16)
22:26:49 [INFO]   size:    (0, 0)
22:26:49 [INFO]   reduced: (0, 0)
22:26:49 [INFO] d (12, 16) -> (12, 17)
22:26:49 [INFO]   size:    (0, 0)
22:26:49 [INFO]   reduced: (0, 0)
22:26:49 [INFO] d (13, 3) -> (13, 4)
22:26:49 [INFO]   size:    (0, 0)
22:26:49 [INFO]   reduced: (0, 0)
22:26:49 [INFO] d (13, 4) -> (13, 5)
22:26:49 [INFO]   size:    (0, 0)
22:26:49 [INFO]   reduced: (0, 0)
22:26:49 [INFO] d (13, 5) -> (13, 6)
22:26:49 [INFO]   size:    (0, 0)
22:26:49 [INFO]   reduced: (0, 0)
22:26:49 [INFO] d (13, 6) -> (13, 7)
22:26:49 [INFO]   size:    (0, 0)
22:26:49 [INFO]   reduced: (0, 0)
22:26:49 [INFO] d (13, 7) -> (13, 8)
22:26:49 [INFO]   size:    (0, 0)
22:26:49 [INFO]   reduced: (0, 0)
22:26:49 [INFO] d (13, 8) -> (13, 9)
22:26:49 [INFO]   size:    (0, 0)
22:26:49 [INFO]   reduced: (0, 0)
22:26:49 [INFO] d (13, 9) -> (13, 10)
22:26:49 [INFO]   size:    (0, 0)
22:26:49 [INFO]   reduced: (0, 0)
22:26:49 [INFO] d (13, 10) -> (13, 11)
22:26:49 [INFO]   size:    (2, 0)
22:26:49 [INFO]   reduced: (2, 0)
22:26:49 [INFO] d (13, 11) -> (13, 12)
22:26:49 [INFO]   size:    (13, 2)
22:26:49 [INFO]   reduced: (11, 0)
22:26:49 [INFO] d (13, 12) -> (13, 13)
22:26:49 [INFO]   size:    (45, 11)
22:26:49 [INFO]   reduced: (34, 0)
22:26:49 [INFO] d (13, 13) -> (13, 14)
22:26:50 [INFO]   size:    (82, 34)
22:26:50 [INFO]   reduced: (48, 0)
22:26:50 [INFO] d (13, 14) -> (13, 15)
22:26:50 [INFO]   size:    (67, 48)
22:26:50 [INFO]   reduced: (19, 0)
22:26:50 [INFO] d (13, 15) -> (13, 16)
22:26:50 [INFO]   size:    (18, 19)
22:26:50 [INFO]   reduced: (0, 1)
22:26:50 [INFO] d (13, 16) -> (13, 17)
22:26:50 [INFO]   size:    (0, 0)
22:26:50 [INFO]   reduced: (0, 0)
22:26:50 [INFO] d (14, 3) -> (14, 4)
22:26:50 [INFO]   size:    (0, 0)
22:26:50 [INFO]   reduced: (0, 0)
22:26:50 [INFO] d (14, 4) -> (14, 5)
22:26:50 [INFO]   size:    (0, 0)
22:26:50 [INFO]   reduced: (0, 0)
22:26:50 [INFO] d (14, 5) -> (14, 6)
22:26:50 [INFO]   size:    (0, 0)
22:26:50 [INFO]   reduced: (0, 0)
22:26:50 [INFO] d (14, 6) -> (14, 7)
22:26:50 [INFO]   size:    (0, 0)
22:26:50 [INFO]   reduced: (0, 0)
22:26:50 [INFO] d (14, 7) -> (14, 8)
22:26:50 [INFO]   size:    (65, 0)
22:26:50 [INFO]   reduced: (65, 0)
22:26:50 [INFO] d (14, 8) -> (14, 9)
22:26:50 [INFO]   size:    (815, 65)
22:26:50 [INFO]   reduced: (750, 0)
22:26:50 [INFO] d (14, 9) -> (14, 10)
22:26:50 [INFO]   size:    (4555, 750)
22:26:50 [INFO]   reduced: (3805, 0)
22:26:50 [INFO] d (14, 10) -> (14, 11)
22:26:52 [INFO]   size:    (14435, 3805)
22:26:52 [INFO]   reduced: (10630, 0)
22:26:52 [INFO] d (14, 11) -> (14, 12)
22:27:07 [INFO]   size:    (27580, 10630)
22:27:07 [INFO]   reduced: (16950, 0)
22:27:07 [INFO] d (14, 12) -> (14, 13)
22:27:46 [INFO]   size:    (31807, 16950)
22:27:48 [INFO]   reduced: (14857, 0)
22:27:48 [INFO] d (14, 13) -> (14, 14)
22:28:15 [INFO]   size:    (21356, 14857)
22:28:18 [INFO]   reduced: (6507, 8)
22:28:18 [INFO] d (14, 14) -> (14, 15)
22:28:22 [INFO]   size:    (7605, 6507)
22:28:22 [INFO]   reduced: (1098, 0)
22:28:22 [INFO] d (14, 15) -> (14, 16)
22:28:23 [INFO]   size:    (1098, 1098)
22:28:23 [INFO]   reduced: (0, 0)
22:28:23 [INFO] d (14, 16) -> (14, 17)
22:28:23 [INFO]   size:    (0, 0)
22:28:23 [INFO]   reduced: (0, 0)
22:28:23 [INFO] d (15, 3) -> (15, 4)
22:28:23 [INFO]   size:    (0, 0)
22:28:23 [INFO]   reduced: (0, 0)
22:28:23 [INFO] d (15, 4) -> (15, 5)
22:28:23 [INFO]   size:    (0, 0)
22:28:23 [INFO]   reduced: (0, 0)
22:28:23 [INFO] d (15, 5) -> (15, 6)
22:28:23 [INFO]   size:    (210, 0)
22:28:23 [INFO]   reduced: (210, 0)
22:28:23 [INFO] d (15, 6) -> (15, 7)
22:28:23 [INFO]   size:    (4405, 210)
22:28:23 [INFO]   reduced: (4195, 0)
22:28:23 [INFO] d (15, 7) -> (15, 8)
22:28:24 [INFO]   size:    (34977, 4195)
22:28:25 [INFO]   reduced: (30782, 0)
22:28:25 [INFO] d (15, 8) -> (15, 9)
22:28:50 [INFO]   size:    (148020, 30782)
22:28:52 [INFO]   reduced: (117238, 0)
22:28:52 [INFO] d (15, 9) -> (15, 10)
22:34:24 [INFO]   size:    (379544, 117238)
22:34:34 [INFO]   reduced: (262306, 0)
22:34:34 [INFO] d (15, 10) -> (15, 11)
23:06:01 [INFO]   size:    (624838, 262306)
23:09:05 [INFO]   reduced: (362532, 0)
23:09:05 [INFO] d (15, 11) -> (15, 12)
00:12:15 [INFO]   size:    (675558, 362532)
00:42:48 [INFO]   reduced: (313036, 10)
00:42:48 [INFO] d (15, 12) -> (15, 13)
01:43:06 [INFO]   size:    (477324, 313036)
02:13:33 [INFO]   reduced: (164288, 0)
02:13:33 [INFO] d (15, 13) -> (15, 14)
02:32:36 [INFO]   size:    (212050, 164288)
02:35:33 [INFO]   reduced: (47762, 0)
02:35:33 [INFO] d (15, 14) -> (15, 15)
02:37:17 [INFO]   size:    (53618, 47762)
02:37:20 [INFO]   reduced: (5856, 0)
02:37:20 [INFO] d (15, 15) -> (15, 16)
02:37:22 [INFO]   size:    (5856, 5856)
02:37:22 [INFO]   reduced: (0, 0)
02:37:22 [INFO] d (15, 16) -> (15, 17)
02:37:22 [INFO]   size:    (0, 0)
02:37:22 [INFO]   reduced: (0, 0)
02:37:22 [INFO] reduced C (q: -25)
 v\h  12  13  14  15 
 16   .   .   .   . 
 15   .   Q   .   . 
 14   .   .   .   . 
 13   .   .   Q⁸  . 
 12   .   .   .   . 
 11   .   .   .   Q¹⁰ 
 10   .   .   .   . 
 9    .   .   .   . 
 8    .   .   .   . 
 7    .   .   .   . 
 6    .   .   .   . 
 5    .   .   .   . 
 4    .   .   .   . 
 3    .   .   .   . 

02:38:55 [INFO] H (q: -25)..
02:38:55 [INFO] H (q: -25)
 v\h  12  13  14  15 
 16   .   .   .   . 
 15   .   Q   .   . 
 14   .   .   .   . 
 13   .   .   Q⁸  . 
 12   .   .   .   . 
 11   .   .   .   Q¹⁰ 
 10   .   .   .   . 
 9    .   .   .   . 
 8    .   .   .   . 
 7    .   .   .   . 
 6    .   .   .   . 
 5    .   .   .   . 
 4    .   .   .   . 
 3    .   .   .   . 

02:38:55 [INFO] save: /lustre1/home/taketo.sano/yui-kr/tmp/11a_237_result.json
02:38:55 [INFO] - - - - - - - - - - - - - - - -
02:38:55 [INFO] (9/11) q: -24
02:38:55 [INFO] C (q: -24, range: (12..=14, 3..=16))..
02:38:55 [INFO] setup cube..
03:45:29 [INFO] setup summands..
03:52:09 [INFO] C (q: -24)
 v\h  12  13     14 
 16   .   Q¹³²   Q³²⁶⁷ 
 15   .   Q⁶⁹³   Q²⁶¹⁹³ 
 14   .   Q¹³⁵⁴  Q⁸⁸¹³⁷ 
 13   .   Q¹³⁰⁸  Q¹⁶⁴⁰⁰³ 
 12   .   Q⁷⁰⁸   Q¹⁸⁶²⁶³ 
 11   .   Q²²⁴   Q¹³⁴²³⁵ 
 10   .   Q³⁷    Q⁶¹⁷⁹¹ 
 9    .   Q²     Q¹⁷⁷⁰⁶ 
 8    .   .      Q²⁸⁹⁶ 
 7    .   .      Q²⁰⁷ 
 6    .   .      . 
 5    .   .      . 
 4    .   .      . 
 3    .   .      . 

03:52:09 [INFO] reduce C_tot (q: -24)..
03:52:09 [INFO] d (12, 3) -> (12, 4)
03:52:09 [INFO]   size:    (0, 0)
03:52:09 [INFO]   reduced: (0, 0)
03:52:09 [INFO] d (12, 4) -> (12, 5)
03:52:09 [INFO]   size:    (0, 0)
03:52:09 [INFO]   reduced: (0, 0)
03:52:09 [INFO] d (12, 5) -> (12, 6)
03:52:09 [INFO]   size:    (0, 0)
03:52:09 [INFO]   reduced: (0, 0)
03:52:09 [INFO] d (12, 6) -> (12, 7)
03:52:09 [INFO]   size:    (0, 0)
03:52:09 [INFO]   reduced: (0, 0)
03:52:09 [INFO] d (12, 7) -> (12, 8)
03:52:09 [INFO]   size:    (0, 0)
03:52:09 [INFO]   reduced: (0, 0)
03:52:09 [INFO] d (12, 8) -> (12, 9)
03:52:09 [INFO]   size:    (0, 0)
03:52:09 [INFO]   reduced: (0, 0)
03:52:09 [INFO] d (12, 9) -> (12, 10)
03:52:09 [INFO]   size:    (0, 0)
03:52:09 [INFO]   reduced: (0, 0)
03:52:09 [INFO] d (12, 10) -> (12, 11)
03:52:09 [INFO]   size:    (0, 0)
03:52:09 [INFO]   reduced: (0, 0)
03:52:09 [INFO] d (12, 11) -> (12, 12)
03:52:09 [INFO]   size:    (0, 0)
03:52:09 [INFO]   reduced: (0, 0)
03:52:09 [INFO] d (12, 12) -> (12, 13)
03:52:09 [INFO]   size:    (0, 0)
03:52:09 [INFO]   reduced: (0, 0)
03:52:09 [INFO] d (12, 13) -> (12, 14)
03:52:09 [INFO]   size:    (0, 0)
03:52:09 [INFO]   reduced: (0, 0)
03:52:09 [INFO] d (12, 14) -> (12, 15)
03:52:09 [INFO]   size:    (0, 0)
03:52:09 [INFO]   reduced: (0, 0)
03:52:09 [INFO] d (12, 15) -> (12, 16)
03:52:09 [INFO]   size:    (0, 0)
03:52:09 [INFO]   reduced: (0, 0)
03:52:09 [INFO] d (12, 16) -> (12, 17)
03:52:09 [INFO]   size:    (0, 0)
03:52:09 [INFO]   reduced: (0, 0)
03:52:09 [INFO] d (13, 3) -> (13, 4)
03:52:09 [INFO]   size:    (0, 0)
03:52:09 [INFO]   reduced: (0, 0)
03:52:09 [INFO] d (13, 4) -> (13, 5)
03:52:09 [INFO]   size:    (0, 0)
03:52:09 [INFO]   reduced: (0, 0)
03:52:09 [INFO] d (13, 5) -> (13, 6)
03:52:09 [INFO]   size:    (0, 0)
03:52:09 [INFO]   reduced: (0, 0)
03:52:09 [INFO] d (13, 6) -> (13, 7)
03:52:09 [INFO]   size:    (0, 0)
03:52:09 [INFO]   reduced: (0, 0)
03:52:09 [INFO] d (13, 7) -> (13, 8)
03:52:09 [INFO]   size:    (0, 0)
03:52:09 [INFO]   reduced: (0, 0)
03:52:09 [INFO] d (13, 8) -> (13, 9)
03:52:09 [INFO]   size:    (2, 0)
03:52:09 [INFO]   reduced: (2, 0)
03:52:09 [INFO] d (13, 9) -> (13, 10)
03:52:09 [INFO]   size:    (37, 2)
03:52:09 [INFO]   reduced: (35, 0)
03:52:09 [INFO] d (13, 10) -> (13, 11)
03:52:09 [INFO]   size:    (224, 35)
03:52:09 [INFO]   reduced: (189, 0)
03:52:09 [INFO] d (13, 11) -> (13, 12)
03:52:10 [INFO]   size:    (708, 189)
03:52:10 [INFO]   reduced: (519, 0)
03:52:10 [INFO] d (13, 12) -> (13, 13)
03:52:11 [INFO]   size:    (1308, 519)
03:52:11 [INFO]   reduced: (789, 0)
03:52:11 [INFO] d (13, 13) -> (13, 14)
03:52:12 [INFO]   size:    (1354, 789)
03:52:12 [INFO]   reduced: (565, 0)
03:52:12 [INFO] d (13, 14) -> (13, 15)
03:52:12 [INFO]   size:    (693, 565)
03:52:12 [INFO]   reduced: (132, 4)
03:52:12 [INFO] d (13, 15) -> (13, 16)
03:52:12 [INFO]   size:    (132, 132)
03:52:12 [INFO]   reduced: (0, 0)
03:52:12 [INFO] d (13, 16) -> (13, 17)
03:52:12 [INFO]   size:    (0, 0)
03:52:12 [INFO]   reduced: (0, 0)
03:52:12 [INFO] d (14, 3) -> (14, 4)
03:52:12 [INFO]   size:    (0, 0)
03:52:12 [INFO]   reduced: (0, 0)
03:52:12 [INFO] d (14, 4) -> (14, 5)
03:52:12 [INFO]   size:    (0, 0)
03:52:12 [INFO]   reduced: (0, 0)
03:52:12 [INFO] d (14, 5) -> (14, 6)
03:52:12 [INFO]   size:    (0, 0)
03:52:12 [INFO]   reduced: (0, 0)
03:52:12 [INFO] d (14, 6) -> (14, 7)
03:52:12 [INFO]   size:    (207, 0)
03:52:12 [INFO]   reduced: (207, 0)
03:52:12 [INFO] d (14, 7) -> (14, 8)
03:52:13 [INFO]   size:    (2896, 207)
03:52:13 [INFO]   reduced: (2689, 0)
03:52:13 [INFO] d (14, 8) -> (14, 9)
03:52:14 [INFO]   size:    (17706, 2689)
03:52:14 [INFO]   reduced: (15017, 0)
03:52:14 [INFO] d (14, 9) -> (14, 10)
03:52:42 [INFO]   size:    (61791, 15017)
03:52:43 [INFO]   reduced: (46774, 0)
03:52:43 [INFO] d (14, 10) -> (14, 11)
03:59:31 [INFO]   size:    (134235, 46774)
03:59:35 [INFO]   reduced: (87461, 0)
03:59:35 [INFO] d (14, 11) -> (14, 12)
04:27:57 [INFO]   size:    (186263, 87461)
04:29:03 [INFO]   reduced: (98802, 0)
04:29:03 [INFO] d (14, 12) -> (14, 13)
05:05:11 [INFO]   size:    (164003, 98802)
05:11:51 [INFO]   reduced: (65211, 10)
05:11:51 [INFO] d (14, 13) -> (14, 14)
05:25:30 [INFO]   size:    (88137, 65211)
05:27:09 [INFO]   reduced: (22926, 0)
05:27:09 [INFO] d (14, 14) -> (14, 15)
05:28:41 [INFO]   size:    (26193, 22926)
05:28:46 [INFO]   reduced: (3267, 0)
05:28:46 [INFO] d (14, 15) -> (14, 16)
05:28:48 [INFO]   size:    (3267, 3267)
05:28:48 [INFO]   reduced: (0, 0)
05:28:48 [INFO] d (14, 16) -> (14, 17)
05:28:48 [INFO]   size:    (0, 0)
05:28:48 [INFO]   reduced: (0, 0)
05:28:48 [INFO] reduced C (q: -24)
 v\h  12  13  14 
 16   .   .   . 
 15   .   .   . 
 14   .   Q⁴  . 
 13   .   .   . 
 12   .   .   Q¹⁰ 
 11   .   .   . 
 10   .   .   . 
 9    .   .   . 
 8    .   .   . 
 7    .   .   . 
 6    .   .   . 
 5    .   .   . 
 4    .   .   . 
 3    .   .   . 

05:32:25 [INFO] H (q: -24)..
05:32:25 [INFO] H (q: -24)
 v\h  12  13  14 
 16   .   .   . 
 15   .   .   . 
 14   .   Q⁴  . 
 13   .   .   . 
 12   .   .   Q¹⁰ 
 11   .   .   . 
 10   .   .   . 
 9    .   .   . 
 8    .   .   . 
 7    .   .   . 
 6    .   .   . 
 5    .   .   . 
 4    .   .   . 
 3    .   .   . 

05:32:25 [INFO] save: /lustre1/home/taketo.sano/yui-kr/tmp/11a_237_result.json
05:32:25 [INFO] - - - - - - - - - - - - - - - -
05:32:25 [INFO] (10/11) q: -23
05:32:25 [INFO] C (q: -23, range: (12..=13, 3..=16))..
05:32:25 [INFO] setup cube..
06:36:06 [INFO] setup summands..
06:36:32 [INFO] C (q: -23)
 v\h  12  13 
 16   Q²  Q⁵⁸² 
 15   Q⁷  Q³⁸³⁹ 
 14   Q⁷  Q¹⁰⁰⁸⁶ 
 13   Q⁴  Q¹⁴⁰⁰⁰ 
 12   Q   Q¹¹⁴¹⁶ 
 11   .   Q⁵⁷²⁷ 
 10   .   Q¹⁷⁵¹ 
 9    .   Q²⁹⁶ 
 8    .   Q²¹ 
 7    .   . 
 6    .   . 
 5    .   . 
 4    .   . 
 3    .   . 

06:36:32 [INFO] reduce C_tot (q: -23)..
06:36:32 [INFO] d (12, 3) -> (12, 4)
06:36:32 [INFO]   size:    (0, 0)
06:36:32 [INFO]   reduced: (0, 0)
06:36:32 [INFO] d (12, 4) -> (12, 5)
06:36:32 [INFO]   size:    (0, 0)
06:36:32 [INFO]   reduced: (0, 0)
06:36:32 [INFO] d (12, 5) -> (12, 6)
06:36:32 [INFO]   size:    (0, 0)
06:36:32 [INFO]   reduced: (0, 0)
06:36:32 [INFO] d (12, 6) -> (12, 7)
06:36:32 [INFO]   size:    (0, 0)
06:36:32 [INFO]   reduced: (0, 0)
06:36:32 [INFO] d (12, 7) -> (12, 8)
06:36:32 [INFO]   size:    (0, 0)
06:36:32 [INFO]   reduced: (0, 0)
06:36:32 [INFO] d (12, 8) -> (12, 9)
06:36:32 [INFO]   size:    (0, 0)
06:36:32 [INFO]   reduced: (0, 0)
06:36:32 [INFO] d (12, 9) -> (12, 10)
06:36:32 [INFO]   size:    (0, 0)
06:36:32 [INFO]   reduced: (0, 0)
06:36:32 [INFO] d (12, 10) -> (12, 11)
06:36:32 [INFO]   size:    (0, 0)
06:36:32 [INFO]   reduced: (0, 0)
06:36:32 [INFO] d (12, 11) -> (12, 12)
06:36:32 [INFO]   size:    (1, 0)
06:36:32 [INFO]   reduced: (1, 0)
06:36:32 [INFO] d (12, 12) -> (12, 13)
06:36:32 [INFO]   size:    (4, 1)
06:36:32 [INFO]   reduced: (3, 0)
06:36:32 [INFO] d (12, 13) -> (12, 14)
06:36:32 [INFO]   size:    (7, 3)
06:36:32 [INFO]   reduced: (4, 0)
06:36:32 [INFO] d (12, 14) -> (12, 15)
06:36:32 [INFO]   size:    (7, 4)
06:36:32 [INFO]   reduced: (3, 0)
06:36:32 [INFO] d (12, 15) -> (12, 16)
06:36:32 [INFO]   size:    (2, 3)
06:36:32 [INFO]   reduced: (0, 1)
06:36:32 [INFO] d (12, 16) -> (12, 17)
06:36:32 [INFO]   size:    (0, 0)
06:36:32 [INFO]   reduced: (0, 0)
06:36:32 [INFO] d (13, 3) -> (13, 4)
06:36:32 [INFO]   size:    (0, 0)
06:36:32 [INFO]   reduced: (0, 0)
06:36:32 [INFO] d (13, 4) -> (13, 5)
06:36:32 [INFO]   size:    (0, 0)
06:36:32 [INFO]   reduced: (0, 0)
06:36:32 [INFO] d (13, 5) -> (13, 6)
06:36:32 [INFO]   size:    (0, 0)
06:36:32 [INFO]   reduced: (0, 0)
06:36:32 [INFO] d (13, 6) -> (13, 7)
06:36:32 [INFO]   size:    (0, 0)
06:36:32 [INFO]   reduced: (0, 0)
06:36:32 [INFO] d (13, 7) -> (13, 8)
06:36:32 [INFO]   size:    (21, 0)
06:36:32 [INFO]   reduced: (21, 0)
06:36:32 [INFO] d (13, 8) -> (13, 9)
06:36:32 [INFO]   size:    (296, 21)
06:36:32 [INFO]   reduced: (275, 0)
06:36:32 [INFO] d (13, 9) -> (13, 10)
06:36:33 [INFO]   size:    (1751, 275)
06:36:33 [INFO]   reduced: (1476, 0)
06:36:33 [INFO] d (13, 10) -> (13, 11)
06:36:37 [INFO]   size:    (5727, 1476)
06:36:37 [INFO]   reduced: (4251, 0)
06:36:37 [INFO] d (13, 11) -> (13, 12)
06:37:10 [INFO]   size:    (11416, 4251)
06:37:10 [INFO]   reduced: (7165, 0)
06:37:10 [INFO] d (13, 12) -> (13, 13)
06:38:12 [INFO]   size:    (14000, 7165)
06:38:13 [INFO]   reduced: (6835, 0)
06:38:13 [INFO] d (13, 13) -> (13, 14)
06:38:54 [INFO]   size:    (10086, 6835)
06:38:55 [INFO]   reduced: (3257, 6)
06:38:55 [INFO] d (13, 14) -> (13, 15)
06:39:04 [INFO]   size:    (3839, 3257)
06:39:04 [INFO]   reduced: (582, 0)
06:39:04 [INFO] d (13, 15) -> (13, 16)
06:39:05 [INFO]   size:    (582, 582)
06:39:05 [INFO]   reduced: (0, 0)
06:39:05 [INFO] d (13, 16) -> (13, 17)
06:39:05 [INFO]   size:    (0, 0)
06:39:05 [INFO]   reduced: (0, 0)
06:39:05 [INFO] reduced C (q: -23)
 v\h  12  13 
 16   .   . 
 15   Q   . 
 14   .   . 
 13   .   Q⁶ 
 12   .   . 
 11   .   . 
 10   .   . 
 9    .   . 
 8    .   . 
 7    .   . 
 6    .   . 
 5    .   . 
 4    .   . 
 3    .   . 

06:40:05 [INFO] H (q: -23)..
06:40:05 [INFO] H (q: -23)
 v\h  12  13 
 16   .   . 
 15   Q   . 
 14   .   . 
 13   .   Q⁶ 
 12   .   . 
 11   .   . 
 10   .   . 
 9    .   . 
 8    .   . 
 7    .   . 
 6    .   . 
 5    .   . 
 4    .   . 
 3    .   . 

06:40:05 [INFO] save: /lustre1/home/taketo.sano/yui-kr/tmp/11a_237_result.json
06:40:05 [INFO] - - - - - - - - - - - - - - - -
06:40:05 [INFO] (11/11) q: -22
06:40:05 [INFO] C (q: -22, range: (12..=12, 3..=16))..
06:40:05 [INFO] setup cube..
07:03:34 [INFO] setup summands..
07:03:36 [INFO] C (q: -22)
 v\h  12 
 16   Q²¹ 
 15   Q¹⁰⁵ 
 14   Q¹⁸⁶ 
 13   Q¹⁶⁶ 
 12   Q⁸⁵ 
 11   Q²² 
 10   Q² 
 9    . 
 8    . 
 7    . 
 6    . 
 5    . 
 4    . 
 3    . 

07:03:36 [INFO] reduce C_tot (q: -22)..
07:03:36 [INFO] d (12, 3) -> (12, 4)
07:03:36 [INFO]   size:    (0, 0)
07:03:36 [INFO]   reduced: (0, 0)
07:03:36 [INFO] d (12, 4) -> (12, 5)
07:03:36 [INFO]   size:    (0, 0)
07:03:36 [INFO]   reduced: (0, 0)
07:03:36 [INFO] d (12, 5) -> (12, 6)
07:03:36 [INFO]   size:    (0, 0)
07:03:36 [INFO]   reduced: (0, 0)
07:03:36 [INFO] d (12, 6) -> (12, 7)
07:03:36 [INFO]   size:    (0, 0)
07:03:36 [INFO]   reduced: (0, 0)
07:03:36 [INFO] d (12, 7) -> (12, 8)
07:03:36 [INFO]   size:    (0, 0)
07:03:36 [INFO]   reduced: (0, 0)
07:03:36 [INFO] d (12, 8) -> (12, 9)
07:03:36 [INFO]   size:    (0, 0)
07:03:36 [INFO]   reduced: (0, 0)
07:03:36 [INFO] d (12, 9) -> (12, 10)
07:03:36 [INFO]   size:    (2, 0)
07:03:36 [INFO]   reduced: (2, 0)
07:03:36 [INFO] d (12, 10) -> (12, 11)
07:03:36 [INFO]   size:    (22, 2)
07:03:36 [INFO]   reduced: (20, 0)
07:03:36 [INFO] d (12, 11) -> (12, 12)
07:03:36 [INFO]   size:    (85, 20)
07:03:36 [INFO]   reduced: (65, 0)
07:03:36 [INFO] d (12, 12) -> (12, 13)
07:03:36 [INFO]   size:    (166, 65)
07:03:36 [INFO]   reduced: (101, 0)
07:03:36 [INFO] d (12, 13) -> (12, 14)
07:03:37 [INFO]   size:    (186, 101)
07:03:37 [INFO]   reduced: (85, 0)
07:03:37 [INFO] d (12, 14) -> (12, 15)
07:03:37 [INFO]   size:    (105, 85)
07:03:37 [INFO]   reduced: (21, 1)
07:03:37 [INFO] d (12, 15) -> (12, 16)
07:03:37 [INFO]   size:    (21, 21)
07:03:37 [INFO]   reduced: (0, 0)
07:03:37 [INFO] d (12, 16) -> (12, 17)
07:03:37 [INFO]   size:    (0, 0)
07:03:37 [INFO]   reduced: (0, 0)
07:03:37 [INFO] reduced C (q: -22)
 v\h  12 
 16   . 
 15   . 
 14   Q 
 13   . 
 12   . 
 11   . 
 10   . 
 9    . 
 8    . 
 7    . 
 6    . 
 5    . 
 4    . 
 3    . 

07:03:49 [INFO] H (q: -22)..
07:03:49 [INFO] H (q: -22)
 v\h  12 
 16   . 
 15   . 
 14   Q 
 13   . 
 12   . 
 11   . 
 10   . 
 9    . 
 8    . 
 7    . 
 6    . 
 5    . 
 4    . 
 3    . 

07:03:49 [INFO] save: /lustre1/home/taketo.sano/yui-kr/tmp/11a_237_result.json
07:03:49 [INFO] - - - - - - - - - - - - - - - -
07:04:05 [INFO] save: /lustre1/home/taketo.sano/yui-kr/results/11a_237.json
07:04:05 [INFO] time: 35297.656428827s
 k\j  4     6     8     10    12 
 4    q⁻⁴   .     .     .     . 
 2    3q⁻²  3q⁻⁴  .     .     . 
 0    4     7q⁻²  3q⁻⁴  .     . 
 -2   3q²   10    8q⁻²  q⁻⁴   . 
 -4   q⁴    7q²   10    4q⁻²  . 
 -6   .     3q⁴   8q²   6     q⁻² 
 -8   .     .     3q⁴   4q²   1 
 -10  .     .     .     q⁴    q² 

